Picked up JAVA_TOOL_OPTIONS: -Dsun.locale.formatasdefault=true
[INFO] Scanning for projects...
[INFO] 
[INFO] -----------------< com.ecommerce:eureka-microservice >------------------
[INFO] Building eureka-server-microservice 0.0.1-SNAPSHOT
[INFO] --------------------------------[ jar ]---------------------------------
[INFO] 
[INFO] >>> spring-boot-maven-plugin:2.2.0.RELEASE:run (default-cli) > test-compile @ eureka-microservice >>>
[INFO] 
[INFO] --- maven-resources-plugin:3.1.0:resources (default-resources) @ eureka-microservice ---
[INFO] Using 'UTF-8' encoding to copy filtered resources.
[INFO] Copying 1 resource
[INFO] Copying 0 resource
[INFO] 
[INFO] --- maven-compiler-plugin:3.8.1:compile (default-compile) @ eureka-microservice ---
[INFO] Nothing to compile - all classes are up to date
[INFO] 
[INFO] --- maven-resources-plugin:3.1.0:testResources (default-testResources) @ eureka-microservice ---
[INFO] Using 'UTF-8' encoding to copy filtered resources.
[INFO] skip non existing resourceDirectory /Users/florent.masdoumier/IdeaProjects/Trip/eureka-microservice/src/test/resources
[INFO] 
[INFO] --- maven-compiler-plugin:3.8.1:testCompile (default-testCompile) @ eureka-microservice ---
[INFO] Nothing to compile - all classes are up to date
[INFO] 
[INFO] <<< spring-boot-maven-plugin:2.2.0.RELEASE:run (default-cli) < test-compile @ eureka-microservice <<<
[INFO] 
[INFO] 
[INFO] --- spring-boot-maven-plugin:2.2.0.RELEASE:run (default-cli) @ eureka-microservice ---
[INFO] Attaching agents: []
Picked up JAVA_TOOL_OPTIONS: -Dsun.locale.formatasdefault=true
2019-11-29 11:02:59.673  INFO [,,,] 84914 --- [           main] trationDelegate$BeanPostProcessorChecker : Bean 'org.springframework.cloud.autoconfigure.ConfigurationPropertiesRebinderAutoConfiguration' of type [org.springframework.cloud.autoconfigure.ConfigurationPropertiesRebinderAutoConfiguration$$EnhancerBySpringCGLIB$$608c8f65] is not eligible for getting processed by all BeanPostProcessors (for example: not eligible for auto-proxying)

  .   ____          _            __ _ _
 /\\ / ___'_ __ _ _(_)_ __  __ _ \ \ \ \
( ( )\___ | '_ | '_| | '_ \/ _` | \ \ \ \
 \\/  ___)| |_)| | | | | || (_| |  ) ) ) )
  '  |____| .__|_| |_|_| |_\__, | / / / /
 =========|_|==============|___/=/_/_/_/
 :: Spring Boot ::        (v2.2.0.RELEASE)

2019-11-29 11:02:59.776  INFO [eureka-server,,,] 84914 --- [           main] c.c.c.ConfigServicePropertySourceLocator : Fetching config from server at : http://localhost:8888
2019-11-29 11:02:59.851  INFO [eureka-server,,,] 84914 --- [           main] c.c.c.ConfigServicePropertySourceLocator : Connect Timeout Exception on Url - http://localhost:8888. Will be trying the next url if available
2019-11-29 11:02:59.851  WARN [eureka-server,,,] 84914 --- [           main] c.c.c.ConfigServicePropertySourceLocator : Could not locate PropertySource: I/O error on GET request for "http://localhost:8888/eureka-server/default": Connection refused (Connection refused); nested exception is java.net.ConnectException: Connection refused (Connection refused)
2019-11-29 11:02:59.853  INFO [eureka-server,,,] 84914 --- [           main] .e.e.EurekaServerMicroserviceApplication : No active profile set, falling back to default profiles: default
2019-11-29 11:03:00.421  WARN [eureka-server,,,] 84914 --- [           main] o.s.boot.actuate.endpoint.EndpointId     : Endpoint ID 'service-registry' contains invalid characters, please migrate to a valid format.
2019-11-29 11:03:00.578  INFO [eureka-server,,,] 84914 --- [           main] o.s.cloud.context.scope.GenericScope     : BeanFactory id=88491c44-cf06-33e2-956d-b6f59b7c7e64
2019-11-29 11:03:00.804  INFO [eureka-server,,,] 84914 --- [           main] trationDelegate$BeanPostProcessorChecker : Bean 'org.springframework.cloud.autoconfigure.ConfigurationPropertiesRebinderAutoConfiguration' of type [org.springframework.cloud.autoconfigure.ConfigurationPropertiesRebinderAutoConfiguration$$EnhancerBySpringCGLIB$$608c8f65] is not eligible for getting processed by all BeanPostProcessors (for example: not eligible for auto-proxying)
2019-11-29 11:03:01.034  INFO [eureka-server,,,] 84914 --- [           main] o.s.b.w.embedded.tomcat.TomcatWebServer  : Tomcat initialized with port(s): 9095 (http)
2019-11-29 11:03:01.041  INFO [eureka-server,,,] 84914 --- [           main] o.apache.catalina.core.StandardService   : Starting service [Tomcat]
2019-11-29 11:03:01.042  INFO [eureka-server,,,] 84914 --- [           main] org.apache.catalina.core.StandardEngine  : Starting Servlet engine: [Apache Tomcat/9.0.27]
2019-11-29 11:03:01.131  INFO [eureka-server,,,] 84914 --- [           main] o.a.c.c.C.[Tomcat].[localhost].[/]       : Initializing Spring embedded WebApplicationContext
2019-11-29 11:03:01.131  INFO [eureka-server,,,] 84914 --- [           main] o.s.web.context.ContextLoader            : Root WebApplicationContext: initialization completed in 1264 ms
2019-11-29 11:03:01.234  WARN [eureka-server,,,] 84914 --- [           main] c.n.c.sources.URLConfigurationSource     : No URLs will be polled as dynamic configuration sources.
2019-11-29 11:03:01.234  INFO [eureka-server,,,] 84914 --- [           main] c.n.c.sources.URLConfigurationSource     : To enable URLs as dynamic configuration sources, define System property archaius.configurationSource.additionalUrls or make config.properties available on classpath.
2019-11-29 11:03:01.240  INFO [eureka-server,,,] 84914 --- [           main] c.netflix.config.DynamicPropertyFactory  : DynamicPropertyFactory is initialized with configuration sources: com.netflix.config.ConcurrentCompositeConfiguration@56a05324
2019-11-29 11:03:01.766  WARN [eureka-server,,,] 84914 --- [           main] o.s.c.s.zipkin2.ZipkinAutoConfiguration  : Check result of the [AsyncReporter{org.springframework.cloud.sleuth.zipkin2.sender.RestTemplateSender@ab2009f}] contains an error [CheckResult{ok=false, error=org.springframework.web.client.ResourceAccessException: I/O error on POST request for "http://localhost:9411/api/v2/spans": Connection refused (Connection refused); nested exception is java.net.ConnectException: Connection refused (Connection refused)}]
2019-11-29 11:03:01.893  INFO [eureka-server,,,] 84914 --- [           main] c.s.j.s.i.a.WebApplicationImpl           : Initiating Jersey application, version 'Jersey: 1.19.1 03/11/2016 02:08 PM'
2019-11-29 11:03:01.931  INFO [eureka-server,,,] 84914 --- [           main] c.n.d.provider.DiscoveryJerseyProvider   : Using JSON encoding codec LegacyJacksonJson
2019-11-29 11:03:01.932  INFO [eureka-server,,,] 84914 --- [           main] c.n.d.provider.DiscoveryJerseyProvider   : Using JSON decoding codec LegacyJacksonJson
WARNING: An illegal reflective access operation has occurred
WARNING: Illegal reflective access by com.thoughtworks.xstream.core.util.Fields (file:/Users/florent.masdoumier/.m2/repository/com/thoughtworks/xstream/xstream/1.4.11.1/xstream-1.4.11.1.jar) to field java.util.TreeMap.comparator
WARNING: Please consider reporting this to the maintainers of com.thoughtworks.xstream.core.util.Fields
WARNING: Use --illegal-access=warn to enable warnings of further illegal reflective access operations
WARNING: All illegal access operations will be denied in a future release
2019-11-29 11:03:02.003  INFO [eureka-server,,,] 84914 --- [           main] c.n.d.provider.DiscoveryJerseyProvider   : Using XML encoding codec XStreamXml
2019-11-29 11:03:02.003  INFO [eureka-server,,,] 84914 --- [           main] c.n.d.provider.DiscoveryJerseyProvider   : Using XML decoding codec XStreamXml
2019-11-29 11:03:02.204  WARN [eureka-server,,,] 84914 --- [           main] c.n.c.sources.URLConfigurationSource     : No URLs will be polled as dynamic configuration sources.
2019-11-29 11:03:02.204  INFO [eureka-server,,,] 84914 --- [           main] c.n.c.sources.URLConfigurationSource     : To enable URLs as dynamic configuration sources, define System property archaius.configurationSource.additionalUrls or make config.properties available on classpath.
2019-11-29 11:03:02.394  INFO [eureka-server,,,] 84914 --- [           main] o.s.s.concurrent.ThreadPoolTaskExecutor  : Initializing ExecutorService 'applicationTaskExecutor'
2019-11-29 11:03:02.785  WARN [eureka-server,,,] 84914 --- [           main] ockingLoadBalancerClientRibbonWarnLogger : You already have RibbonLoadBalancerClient on your classpath. It will be used by default. As Spring Cloud Ribbon is in maintenance mode. We recommend switching to BlockingLoadBalancerClient instead. In order to use it, set the value of `spring.cloud.loadbalancer.ribbon.enabled` to `false` or remove spring-cloud-starter-netflix-ribbon from your project.
2019-11-29 11:03:02.917  INFO [eureka-server,,,] 84914 --- [           main] o.s.c.n.eureka.InstanceInfoFactory       : Setting initial instance status as: STARTING
2019-11-29 11:03:02.936  INFO [eureka-server,,,] 84914 --- [           main] com.netflix.discovery.DiscoveryClient    : Initializing Eureka in region us-east-1
2019-11-29 11:03:02.936  INFO [eureka-server,,,] 84914 --- [           main] com.netflix.discovery.DiscoveryClient    : Client configured to neither register nor query for data.
2019-11-29 11:03:02.940  INFO [eureka-server,,,] 84914 --- [           main] com.netflix.discovery.DiscoveryClient    : Discovery Client initialized at timestamp 1575021782939 with initial instances count: 0
2019-11-29 11:03:02.983  INFO [eureka-server,,,] 84914 --- [           main] c.n.eureka.DefaultEurekaServerContext    : Initializing ...
2019-11-29 11:03:02.985  INFO [eureka-server,,,] 84914 --- [           main] c.n.eureka.cluster.PeerEurekaNodes       : Adding new peer nodes [http://localhost:9095/eureka/]
2019-11-29 11:03:03.127  INFO [eureka-server,,,] 84914 --- [           main] c.n.d.provider.DiscoveryJerseyProvider   : Using JSON encoding codec LegacyJacksonJson
2019-11-29 11:03:03.127  INFO [eureka-server,,,] 84914 --- [           main] c.n.d.provider.DiscoveryJerseyProvider   : Using JSON decoding codec LegacyJacksonJson
2019-11-29 11:03:03.127  INFO [eureka-server,,,] 84914 --- [           main] c.n.d.provider.DiscoveryJerseyProvider   : Using XML encoding codec XStreamXml
2019-11-29 11:03:03.127  INFO [eureka-server,,,] 84914 --- [           main] c.n.d.provider.DiscoveryJerseyProvider   : Using XML decoding codec XStreamXml
2019-11-29 11:03:03.202  INFO [eureka-server,,,] 84914 --- [           main] c.n.eureka.cluster.PeerEurekaNodes       : Replica node URL:  http://localhost:9095/eureka/
2019-11-29 11:03:03.208  INFO [eureka-server,,,] 84914 --- [           main] c.n.e.registry.AbstractInstanceRegistry  : Finished initializing remote region registries. All known remote regions: []
2019-11-29 11:03:03.209  INFO [eureka-server,,,] 84914 --- [           main] c.n.eureka.DefaultEurekaServerContext    : Initialized
2019-11-29 11:03:03.287  INFO [eureka-server,,,] 84914 --- [           main] o.s.b.a.e.web.EndpointLinksResolver      : Exposing 2 endpoint(s) beneath base path '/actuator'
2019-11-29 11:03:03.343  INFO [eureka-server,,,] 84914 --- [           main] o.s.c.n.e.s.EurekaServiceRegistry        : Registering application EUREKA-SERVER with eureka with status UP
2019-11-29 11:03:03.345  INFO [eureka-server,,,] 84914 --- [      Thread-10] o.s.c.n.e.server.EurekaServerBootstrap   : Setting the eureka configuration..
2019-11-29 11:03:03.346  INFO [eureka-server,,,] 84914 --- [      Thread-10] o.s.c.n.e.server.EurekaServerBootstrap   : Eureka data center value eureka.datacenter is not set, defaulting to default
2019-11-29 11:03:03.347  INFO [eureka-server,,,] 84914 --- [      Thread-10] o.s.c.n.e.server.EurekaServerBootstrap   : Eureka environment value eureka.environment is not set, defaulting to test
2019-11-29 11:03:03.354  INFO [eureka-server,,,] 84914 --- [      Thread-10] o.s.c.n.e.server.EurekaServerBootstrap   : isAws returned false
2019-11-29 11:03:03.355  INFO [eureka-server,,,] 84914 --- [      Thread-10] o.s.c.n.e.server.EurekaServerBootstrap   : Initialized server context
2019-11-29 11:03:03.355  INFO [eureka-server,,,] 84914 --- [      Thread-10] c.n.e.r.PeerAwareInstanceRegistryImpl    : Got 1 instances from neighboring DS node
2019-11-29 11:03:03.355  INFO [eureka-server,,,] 84914 --- [      Thread-10] c.n.e.r.PeerAwareInstanceRegistryImpl    : Renew threshold is: 1
2019-11-29 11:03:03.355  INFO [eureka-server,,,] 84914 --- [      Thread-10] c.n.e.r.PeerAwareInstanceRegistryImpl    : Changing status to UP
2019-11-29 11:03:03.364  INFO [eureka-server,,,] 84914 --- [      Thread-10] e.s.EurekaServerInitializerConfiguration : Started Eureka Server
2019-11-29 11:03:03.399  INFO [eureka-server,,,] 84914 --- [           main] o.s.b.w.embedded.tomcat.TomcatWebServer  : Tomcat started on port(s): 9095 (http) with context path ''
2019-11-29 11:03:03.399  INFO [eureka-server,,,] 84914 --- [           main] .s.c.n.e.s.EurekaAutoServiceRegistration : Updating port to 9095
2019-11-29 11:03:03.403  INFO [eureka-server,,,] 84914 --- [           main] .e.e.EurekaServerMicroserviceApplication : Started EurekaServerMicroserviceApplication in 4.314 seconds (JVM running for 4.664)
2019-11-29 11:03:06.495  INFO [eureka-server,,,] 84914 --- [nio-9095-exec-1] o.a.c.c.C.[Tomcat].[localhost].[/]       : Initializing Spring DispatcherServlet 'dispatcherServlet'
2019-11-29 11:03:06.495  INFO [eureka-server,,,] 84914 --- [nio-9095-exec-1] o.s.web.servlet.DispatcherServlet        : Initializing Servlet 'dispatcherServlet'
2019-11-29 11:03:06.506  INFO [eureka-server,,,] 84914 --- [nio-9095-exec-1] o.s.web.servlet.DispatcherServlet        : Completed initialization in 11 ms
2019-11-29 11:03:06.621  INFO [eureka-server,c7c018e3cbe5120b,c7c018e3cbe5120b,false] 84914 --- [nio-9095-exec-2] c.n.e.registry.AbstractInstanceRegistry  : Registered instance ZUUL-SERVER-MICROSERVICE/port-201811-01:zuul-server-microservice:9096 with status UP (replication=false)
2019-11-29 11:03:06.773  WARN [eureka-server,,,] 84914 --- [Sender@ab2009f}] z.r.AsyncReporter$BoundedAsyncReporter   : Spans were dropped due to exceptions. All subsequent errors will be logged at FINE level.
2019-11-29 11:03:06.776  WARN [eureka-server,,,] 84914 --- [Sender@ab2009f}] z.r.AsyncReporter$BoundedAsyncReporter   : Dropped 1 spans due to ResourceAccessException(I/O error on POST request for "http://localhost:9411/api/v2/spans": Connection refused (Connection refused); nested exception is java.net.ConnectException: Connection refused (Connection refused))

org.springframework.web.client.ResourceAccessException: I/O error on POST request for "http://localhost:9411/api/v2/spans": Connection refused (Connection refused); nested exception is java.net.ConnectException: Connection refused (Connection refused)
	at org.springframework.web.client.RestTemplate.doExecute(RestTemplate.java:751) ~[spring-web-5.2.0.RELEASE.jar:5.2.0.RELEASE]
	at org.springframework.cloud.sleuth.zipkin2.sender.ZipkinRestTemplateWrapper.doExecute(ZipkinRestTemplateSenderConfiguration.java:228) ~[spring-cloud-sleuth-zipkin-2.2.0.RC1.jar:2.2.0.RC1]
	at org.springframework.web.client.RestTemplate.exchange(RestTemplate.java:644) ~[spring-web-5.2.0.RELEASE.jar:5.2.0.RELEASE]
	at org.springframework.cloud.sleuth.zipkin2.sender.RestTemplateSender.post(RestTemplateSender.java:129) ~[spring-cloud-sleuth-zipkin-2.2.0.RC1.jar:2.2.0.RC1]
	at org.springframework.cloud.sleuth.zipkin2.sender.RestTemplateSender$HttpPostCall.doExecute(RestTemplateSender.java:142) ~[spring-cloud-sleuth-zipkin-2.2.0.RC1.jar:2.2.0.RC1]
	at org.springframework.cloud.sleuth.zipkin2.sender.RestTemplateSender$HttpPostCall.doExecute(RestTemplateSender.java:132) ~[spring-cloud-sleuth-zipkin-2.2.0.RC1.jar:2.2.0.RC1]
	at zipkin2.Call$Base.execute(Call.java:380) ~[zipkin-2.17.0.jar:na]
	at zipkin2.reporter.AsyncReporter$BoundedAsyncReporter.flush(AsyncReporter.java:285) ~[zipkin-reporter-2.10.3.jar:na]
	at zipkin2.reporter.AsyncReporter$Flusher.run(AsyncReporter.java:354) ~[zipkin-reporter-2.10.3.jar:na]
	at java.base/java.lang.Thread.run(Thread.java:834) ~[na:na]
Caused by: java.net.ConnectException: Connection refused (Connection refused)
	at java.base/java.net.PlainSocketImpl.socketConnect(Native Method) ~[na:na]
	at java.base/java.net.AbstractPlainSocketImpl.doConnect(AbstractPlainSocketImpl.java:399) ~[na:na]
	at java.base/java.net.AbstractPlainSocketImpl.connectToAddress(AbstractPlainSocketImpl.java:242) ~[na:na]
	at java.base/java.net.AbstractPlainSocketImpl.connect(AbstractPlainSocketImpl.java:224) ~[na:na]
	at java.base/java.net.Socket.connect(Socket.java:591) ~[na:na]
	at java.base/sun.net.NetworkClient.doConnect(NetworkClient.java:177) ~[na:na]
	at java.base/sun.net.www.http.HttpClient.openServer(HttpClient.java:474) ~[na:na]
	at java.base/sun.net.www.http.HttpClient.openServer(HttpClient.java:569) ~[na:na]
	at java.base/sun.net.www.http.HttpClient.<init>(HttpClient.java:242) ~[na:na]
	at java.base/sun.net.www.http.HttpClient.New(HttpClient.java:341) ~[na:na]
	at java.base/sun.net.www.http.HttpClient.New(HttpClient.java:362) ~[na:na]
	at java.base/sun.net.www.protocol.http.HttpURLConnection.getNewHttpClient(HttpURLConnection.java:1242) ~[na:na]
	at java.base/sun.net.www.protocol.http.HttpURLConnection.plainConnect0(HttpURLConnection.java:1181) ~[na:na]
	at java.base/sun.net.www.protocol.http.HttpURLConnection.plainConnect(HttpURLConnection.java:1075) ~[na:na]
	at java.base/sun.net.www.protocol.http.HttpURLConnection.connect(HttpURLConnection.java:1009) ~[na:na]
	at org.springframework.http.client.SimpleBufferingClientHttpRequest.executeInternal(SimpleBufferingClientHttpRequest.java:76) ~[spring-web-5.2.0.RELEASE.jar:5.2.0.RELEASE]
	at org.springframework.http.client.AbstractBufferingClientHttpRequest.executeInternal(AbstractBufferingClientHttpRequest.java:48) ~[spring-web-5.2.0.RELEASE.jar:5.2.0.RELEASE]
	at org.springframework.http.client.AbstractClientHttpRequest.execute(AbstractClientHttpRequest.java:53) ~[spring-web-5.2.0.RELEASE.jar:5.2.0.RELEASE]
	at org.springframework.web.client.RestTemplate.doExecute(RestTemplate.java:742) ~[spring-web-5.2.0.RELEASE.jar:5.2.0.RELEASE]
	... 9 common frames omitted

2019-11-29 11:03:07.219  INFO [eureka-server,518bbfc41dcc7f2f,518bbfc41dcc7f2f,true] 84914 --- [nio-9095-exec-3] c.n.e.registry.AbstractInstanceRegistry  : Registered instance ZUUL-SERVER-MICROSERVICE/port-201811-01:zuul-server-microservice:9096 with status UP (replication=true)
2019-11-29 11:03:34.376  INFO [eureka-server,1306bb088cd4602a,1306bb088cd4602a,false] 84914 --- [nio-9095-exec-5] c.n.e.registry.AbstractInstanceRegistry  : Registered instance CLIENTUI-MICROSERVICE/port-201811-01:clientui-microservice:9092 with status UP (replication=false)
2019-11-29 11:03:34.891  INFO [eureka-server,b1ff87f6fecc476e,b1ff87f6fecc476e,true] 84914 --- [nio-9095-exec-6] c.n.e.registry.AbstractInstanceRegistry  : Registered instance CLIENTUI-MICROSERVICE/port-201811-01:clientui-microservice:9092 with status UP (replication=true)
2019-11-29 11:03:35.398  INFO [eureka-server,32528d2611e03c55,32528d2611e03c55,false] 84914 --- [nio-9095-exec-8] c.n.e.registry.AbstractInstanceRegistry  : Registered instance CATEGORY-MICROSERVICE/port-201811-01:category-microservice:9091 with status UP (replication=false)
2019-11-29 11:03:35.913  INFO [eureka-server,5046bf120d7d5ce3,5046bf120d7d5ce3,true] 84914 --- [nio-9095-exec-9] c.n.e.registry.AbstractInstanceRegistry  : Registered instance CATEGORY-MICROSERVICE/port-201811-01:category-microservice:9091 with status UP (replication=true)
2019-11-29 11:03:36.791  INFO [eureka-server,6188a1d75c5bda76,6188a1d75c5bda76,true] 84914 --- [nio-9095-exec-3] c.n.e.registry.AbstractInstanceRegistry  : Registered instance ADVENTURE-MICROSERVICE/port-201811-01:adventure-microservice:9011 with status UP (replication=false)
2019-11-29 11:03:37.097  INFO [eureka-server,a01fb22cb3d320c3,a01fb22cb3d320c3,true] 84914 --- [nio-9095-exec-4] c.n.e.registry.AbstractInstanceRegistry  : Registered instance ADVENTURE-MICROSERVICE/port-201811-01:adventure-microservice:9011 with status UP (replication=true)
2019-11-29 11:03:37.293  INFO [eureka-server,0c2ffb43760ad60f,0c2ffb43760ad60f,true] 84914 --- [nio-9095-exec-6] c.n.e.registry.AbstractInstanceRegistry  : Registered instance ADVENTURE-MICROSERVICE/port-201811-01:adventure-microservice:9090 with status UP (replication=false)
2019-11-29 11:03:37.801  INFO [eureka-server,a7aad60d9e642a8f,a7aad60d9e642a8f,true] 84914 --- [nio-9095-exec-7] c.n.e.registry.AbstractInstanceRegistry  : Registered instance ADVENTURE-MICROSERVICE/port-201811-01:adventure-microservice:9090 with status UP (replication=true)
2019-11-29 11:04:03.357  INFO [eureka-server,,,] 84914 --- [a-EvictionTimer] c.n.e.registry.AbstractInstanceRegistry  : Running the evict task with compensationTime 0ms
2019-11-29 11:05:03.358  INFO [eureka-server,,,] 84914 --- [a-EvictionTimer] c.n.e.registry.AbstractInstanceRegistry  : Running the evict task with compensationTime 3ms
