Picked up JAVA_TOOL_OPTIONS: -Dsun.locale.formatasdefault=true
[INFO] Scanning for projects...
[INFO] 
[INFO] ----------------< com.ecommerce:category-microservice >-----------------
[INFO] Building category 0.0.1-SNAPSHOT
[INFO] --------------------------------[ jar ]---------------------------------
[INFO] 
[INFO] >>> spring-boot-maven-plugin:2.2.0.RELEASE:run (default-cli) > test-compile @ category-microservice >>>
[INFO] 
[INFO] --- maven-resources-plugin:3.1.0:resources (default-resources) @ category-microservice ---
[INFO] Using 'UTF-8' encoding to copy filtered resources.
[INFO] Copying 0 resource
[INFO] Copying 2 resources
[INFO] 
[INFO] --- maven-compiler-plugin:3.8.1:compile (default-compile) @ category-microservice ---
[INFO] Nothing to compile - all classes are up to date
[INFO] 
[INFO] --- maven-resources-plugin:3.1.0:testResources (default-testResources) @ category-microservice ---
[INFO] Using 'UTF-8' encoding to copy filtered resources.
[INFO] skip non existing resourceDirectory /Users/florent.masdoumier/IdeaProjects/Trip/category-microservice/src/test/resources
[INFO] 
[INFO] --- maven-compiler-plugin:3.8.1:testCompile (default-testCompile) @ category-microservice ---
[INFO] Nothing to compile - all classes are up to date
[INFO] 
[INFO] <<< spring-boot-maven-plugin:2.2.0.RELEASE:run (default-cli) < test-compile @ category-microservice <<<
[INFO] 
[INFO] 
[INFO] --- spring-boot-maven-plugin:2.2.0.RELEASE:run (default-cli) @ category-microservice ---
[INFO] Attaching agents: []
Picked up JAVA_TOOL_OPTIONS: -Dsun.locale.formatasdefault=true
2019-12-13 22:02:49.907  INFO [category-microservice,,,] 23493 --- [           main] trationDelegate$BeanPostProcessorChecker : Bean 'org.springframework.cloud.autoconfigure.ConfigurationPropertiesRebinderAutoConfiguration' of type [org.springframework.cloud.autoconfigure.ConfigurationPropertiesRebinderAutoConfiguration$$EnhancerBySpringCGLIB$$fcfc016c] is not eligible for getting processed by all BeanPostProcessors (for example: not eligible for auto-proxying)

  .   ____          _            __ _ _
 /\\ / ___'_ __ _ _(_)_ __  __ _ \ \ \ \
( ( )\___ | '_ | '_| | '_ \/ _` | \ \ \ \
 \\/  ___)| |_)| | | | | || (_| |  ) ) ) )
  '  |____| .__|_| |_|_| |_\__, | / / / /
 =========|_|==============|___/=/_/_/_/
 :: Spring Boot ::        (v2.2.0.RELEASE)

2019-12-13 22:02:50.376  INFO [category-microservice,,,] 23493 --- [           main] c.c.c.ConfigServicePropertySourceLocator : Fetching config from server at : http://localhost:9094
2019-12-13 22:02:51.162  INFO [category-microservice,,,] 23493 --- [           main] c.c.c.ConfigServicePropertySourceLocator : Located environment: name=category-microservice, profiles=[default], label=null, version=69df5952a4cd75b9f3561b4ffd5bdcdc72174af0, state=null
2019-12-13 22:02:51.163  INFO [category-microservice,,,] 23493 --- [           main] b.c.PropertySourceBootstrapConfiguration : Located property source: OriginTrackedCompositePropertySource {name='configService', propertySources=[MapPropertySource {name='configClient'}, OriginTrackedMapPropertySource {name='https://github.com/walterwhites/config-microservice-trip.git/category-microservice.properties'}]}
2019-12-13 22:02:51.215  INFO [category-microservice,,,] 23493 --- [           main] c.e.category.CategoryApplication         : No active profile set, falling back to default profiles: default
2019-12-13 22:02:53.701  INFO [category-microservice,,,] 23493 --- [           main] .s.d.r.c.RepositoryConfigurationDelegate : Bootstrapping Spring Data repositories in DEFAULT mode.
2019-12-13 22:02:53.991  INFO [category-microservice,,,] 23493 --- [           main] .s.d.r.c.RepositoryConfigurationDelegate : Finished Spring Data repository scanning in 256ms. Found 1 repository interfaces.
2019-12-13 22:02:54.413  WARN [category-microservice,,,] 23493 --- [           main] o.s.boot.actuate.endpoint.EndpointId     : Endpoint ID 'service-registry' contains invalid characters, please migrate to a valid format.
2019-12-13 22:02:55.050  INFO [category-microservice,,,] 23493 --- [           main] o.s.cloud.context.scope.GenericScope     : BeanFactory id=4be0831b-1e31-3773-8a62-c01a1f16ca64
2019-12-13 22:02:55.752  INFO [category-microservice,,,] 23493 --- [           main] trationDelegate$BeanPostProcessorChecker : Bean 'org.springframework.transaction.annotation.ProxyTransactionManagementConfiguration' of type [org.springframework.transaction.annotation.ProxyTransactionManagementConfiguration] is not eligible for getting processed by all BeanPostProcessors (for example: not eligible for auto-proxying)
2019-12-13 22:02:56.002  INFO [category-microservice,,,] 23493 --- [           main] trationDelegate$BeanPostProcessorChecker : Bean 'org.springframework.cloud.autoconfigure.ConfigurationPropertiesRebinderAutoConfiguration' of type [org.springframework.cloud.autoconfigure.ConfigurationPropertiesRebinderAutoConfiguration$$EnhancerBySpringCGLIB$$fcfc016c] is not eligible for getting processed by all BeanPostProcessors (for example: not eligible for auto-proxying)
2019-12-13 22:02:56.780  INFO [category-microservice,,,] 23493 --- [           main] o.s.b.w.embedded.tomcat.TomcatWebServer  : Tomcat initialized with port(s): 9091 (http)
2019-12-13 22:02:56.799  INFO [category-microservice,,,] 23493 --- [           main] o.apache.catalina.core.StandardService   : Starting service [Tomcat]
2019-12-13 22:02:56.800  INFO [category-microservice,,,] 23493 --- [           main] org.apache.catalina.core.StandardEngine  : Starting Servlet engine: [Apache Tomcat/9.0.27]
2019-12-13 22:02:57.048  INFO [category-microservice,,,] 23493 --- [           main] o.a.c.c.C.[Tomcat].[localhost].[/]       : Initializing Spring embedded WebApplicationContext
2019-12-13 22:02:57.049  INFO [category-microservice,,,] 23493 --- [           main] o.s.web.context.ContextLoader            : Root WebApplicationContext: initialization completed in 5807 ms
2019-12-13 22:02:57.417  WARN [category-microservice,,,] 23493 --- [           main] c.n.c.sources.URLConfigurationSource     : No URLs will be polled as dynamic configuration sources.
2019-12-13 22:02:57.417  INFO [category-microservice,,,] 23493 --- [           main] c.n.c.sources.URLConfigurationSource     : To enable URLs as dynamic configuration sources, define System property archaius.configurationSource.additionalUrls or make config.properties available on classpath.
2019-12-13 22:02:57.434  INFO [category-microservice,,,] 23493 --- [           main] c.netflix.config.DynamicPropertyFactory  : DynamicPropertyFactory is initialized with configuration sources: com.netflix.config.ConcurrentCompositeConfiguration@7a730479
2019-12-13 22:02:57.722  INFO [category-microservice,,,] 23493 --- [           main] com.zaxxer.hikari.HikariDataSource       : HikariPool-1 - Starting...
2019-12-13 22:02:57.957  INFO [category-microservice,,,] 23493 --- [           main] com.zaxxer.hikari.HikariDataSource       : HikariPool-1 - Start completed.
2019-12-13 22:02:57.970  INFO [category-microservice,,,] 23493 --- [           main] o.s.b.a.h2.H2ConsoleAutoConfiguration    : H2 console available at '/h2-console'. Database available at 'jdbc:h2:mem:testdb'
2019-12-13 22:02:59.400  WARN [category-microservice,,,] 23493 --- [           main] o.s.c.s.zipkin2.ZipkinAutoConfiguration  : Check result of the [AsyncReporter{org.springframework.cloud.sleuth.zipkin2.sender.RestTemplateSender@683ed81b}] contains an error [CheckResult{ok=false, error=org.springframework.web.client.ResourceAccessException: I/O error on POST request for "http://localhost:9411/api/v2/spans": Connection refused (Connection refused); nested exception is java.net.ConnectException: Connection refused (Connection refused)}]
2019-12-13 22:02:59.802  INFO [category-microservice,,,] 23493 --- [           main] o.hibernate.jpa.internal.util.LogHelper  : HHH000204: Processing PersistenceUnitInfo [name: default]
2019-12-13 22:02:59.959  INFO [category-microservice,,,] 23493 --- [           main] org.hibernate.Version                    : HHH000412: Hibernate Core {5.4.6.Final}
2019-12-13 22:03:00.301  INFO [category-microservice,,,] 23493 --- [           main] o.hibernate.annotations.common.Version   : HCANN000001: Hibernate Commons Annotations {5.1.0.Final}
2019-12-13 22:03:00.544  INFO [category-microservice,,,] 23493 --- [           main] org.hibernate.dialect.Dialect            : HHH000400: Using dialect: org.hibernate.dialect.H2Dialect
Hibernate: drop table category if exists
Hibernate: drop sequence if exists hibernate_sequence
Hibernate: create sequence hibernate_sequence start with 1 increment by 1
Hibernate: create table category (id integer not null, color varchar(255), name varchar(50), primary key (id))
2019-12-13 22:03:01.952  INFO [category-microservice,,,] 23493 --- [           main] o.h.e.t.j.p.i.JtaPlatformInitiator       : HHH000490: Using JtaPlatform implementation: [org.hibernate.engine.transaction.jta.platform.internal.NoJtaPlatform]
2019-12-13 22:03:01.964  INFO [category-microservice,,,] 23493 --- [           main] j.LocalContainerEntityManagerFactoryBean : Initialized JPA EntityManagerFactory for persistence unit 'default'
2019-12-13 22:03:03.143  WARN [category-microservice,,,] 23493 --- [           main] JpaBaseConfiguration$JpaWebConfiguration : spring.jpa.open-in-view is enabled by default. Therefore, database queries may be performed during view rendering. Explicitly configure spring.jpa.open-in-view to disable this warning
2019-12-13 22:03:03.566  INFO [category-microservice,,,] 23493 --- [           main] o.s.b.a.e.web.EndpointLinksResolver      : Exposing 17 endpoint(s) beneath base path '/actuator'
2019-12-13 22:03:03.842  INFO [category-microservice,,,] 23493 --- [           main] pertySourcedRequestMappingHandlerMapping : Mapped URL path [/v2/api-docs] onto method [springfox.documentation.swagger2.web.Swagger2Controller#getDocumentation(String, HttpServletRequest)]
2019-12-13 22:03:03.907  WARN [category-microservice,,,] 23493 --- [           main] c.n.c.sources.URLConfigurationSource     : No URLs will be polled as dynamic configuration sources.
2019-12-13 22:03:03.908  INFO [category-microservice,,,] 23493 --- [           main] c.n.c.sources.URLConfigurationSource     : To enable URLs as dynamic configuration sources, define System property archaius.configurationSource.additionalUrls or make config.properties available on classpath.
2019-12-13 22:03:04.302  INFO [category-microservice,,,] 23493 --- [           main] o.s.s.concurrent.ThreadPoolTaskExecutor  : Initializing ExecutorService 'applicationTaskExecutor'
2019-12-13 22:03:05.178  WARN [category-microservice,,,] 23493 --- [           main] ockingLoadBalancerClientRibbonWarnLogger : You already have RibbonLoadBalancerClient on your classpath. It will be used by default. As Spring Cloud Ribbon is in maintenance mode. We recommend switching to BlockingLoadBalancerClient instead. In order to use it, set the value of `spring.cloud.loadbalancer.ribbon.enabled` to `false` or remove spring-cloud-starter-netflix-ribbon from your project.
2019-12-13 22:03:05.574  INFO [category-microservice,,,] 23493 --- [           main] o.s.c.n.eureka.InstanceInfoFactory       : Setting initial instance status as: STARTING
2019-12-13 22:03:05.704  INFO [category-microservice,,,] 23493 --- [           main] com.netflix.discovery.DiscoveryClient    : Initializing Eureka in region us-east-1
2019-12-13 22:03:06.017  INFO [category-microservice,,,] 23493 --- [           main] c.n.d.provider.DiscoveryJerseyProvider   : Using JSON encoding codec LegacyJacksonJson
2019-12-13 22:03:06.017  INFO [category-microservice,,,] 23493 --- [           main] c.n.d.provider.DiscoveryJerseyProvider   : Using JSON decoding codec LegacyJacksonJson
WARNING: An illegal reflective access operation has occurred
WARNING: Illegal reflective access by com.thoughtworks.xstream.core.util.Fields (file:/Users/florent.masdoumier/.m2/repository/com/thoughtworks/xstream/xstream/1.4.11.1/xstream-1.4.11.1.jar) to field java.util.TreeMap.comparator
WARNING: Please consider reporting this to the maintainers of com.thoughtworks.xstream.core.util.Fields
WARNING: Use --illegal-access=warn to enable warnings of further illegal reflective access operations
WARNING: All illegal access operations will be denied in a future release
2019-12-13 22:03:06.198  INFO [category-microservice,,,] 23493 --- [           main] c.n.d.provider.DiscoveryJerseyProvider   : Using XML encoding codec XStreamXml
2019-12-13 22:03:06.199  INFO [category-microservice,,,] 23493 --- [           main] c.n.d.provider.DiscoveryJerseyProvider   : Using XML decoding codec XStreamXml
2019-12-13 22:03:06.428  INFO [category-microservice,,,] 23493 --- [           main] c.n.d.s.r.aws.ConfigClusterResolver      : Resolving eureka endpoints via configuration
2019-12-13 22:03:06.450  INFO [category-microservice,,,] 23493 --- [           main] com.netflix.discovery.DiscoveryClient    : Disable delta property : false
2019-12-13 22:03:06.451  INFO [category-microservice,,,] 23493 --- [           main] com.netflix.discovery.DiscoveryClient    : Single vip registry refresh property : null
2019-12-13 22:03:06.451  INFO [category-microservice,,,] 23493 --- [           main] com.netflix.discovery.DiscoveryClient    : Force full registry fetch : false
2019-12-13 22:03:06.451  INFO [category-microservice,,,] 23493 --- [           main] com.netflix.discovery.DiscoveryClient    : Application is null : false
2019-12-13 22:03:06.451  INFO [category-microservice,,,] 23493 --- [           main] com.netflix.discovery.DiscoveryClient    : Registered Applications size is zero : true
2019-12-13 22:03:06.451  INFO [category-microservice,,,] 23493 --- [           main] com.netflix.discovery.DiscoveryClient    : Application version is -1: true
2019-12-13 22:03:06.451  INFO [category-microservice,,,] 23493 --- [           main] com.netflix.discovery.DiscoveryClient    : Getting all instance registry info from the eureka server
2019-12-13 22:03:06.606  INFO [category-microservice,,,] 23493 --- [           main] com.netflix.discovery.DiscoveryClient    : The response status is 200
2019-12-13 22:03:06.610  INFO [category-microservice,,,] 23493 --- [           main] com.netflix.discovery.DiscoveryClient    : Starting heartbeat executor: renew interval is: 30
2019-12-13 22:03:06.613  INFO [category-microservice,,,] 23493 --- [           main] c.n.discovery.InstanceInfoReplicator     : InstanceInfoReplicator onDemand update allowed rate per min is 4
2019-12-13 22:03:06.618  INFO [category-microservice,,,] 23493 --- [           main] com.netflix.discovery.DiscoveryClient    : Discovery Client initialized at timestamp 1576270986616 with initial instances count: 2
2019-12-13 22:03:06.641  INFO [category-microservice,,,] 23493 --- [           main] o.s.c.n.e.s.EurekaServiceRegistry        : Registering application CATEGORY-MICROSERVICE with eureka with status UP
2019-12-13 22:03:06.642  INFO [category-microservice,,,] 23493 --- [           main] com.netflix.discovery.DiscoveryClient    : Saw local status change event StatusChangeEvent [timestamp=1576270986642, current=UP, previous=STARTING]
2019-12-13 22:03:06.645  INFO [category-microservice,,,] 23493 --- [nfoReplicator-0] com.netflix.discovery.DiscoveryClient    : DiscoveryClient_CATEGORY-MICROSERVICE/192.168.1.100:category-microservice:9091: registering service...
2019-12-13 22:03:06.647  INFO [category-microservice,,,] 23493 --- [           main] d.s.w.p.DocumentationPluginsBootstrapper : Context refreshed
2019-12-13 22:03:06.667  INFO [category-microservice,,,] 23493 --- [           main] d.s.w.p.DocumentationPluginsBootstrapper : Found 1 custom documentation plugin(s)
2019-12-13 22:03:06.683  INFO [category-microservice,,,] 23493 --- [nfoReplicator-0] com.netflix.discovery.DiscoveryClient    : DiscoveryClient_CATEGORY-MICROSERVICE/192.168.1.100:category-microservice:9091 - registration status: 204
2019-12-13 22:03:06.736  INFO [category-microservice,,,] 23493 --- [           main] s.d.s.w.s.ApiListingReferenceScanner     : Scanning for api listing references
2019-12-13 22:03:06.982  INFO [category-microservice,,,] 23493 --- [           main] o.s.b.w.embedded.tomcat.TomcatWebServer  : Tomcat started on port(s): 9091 (http) with context path ''
2019-12-13 22:03:06.983  INFO [category-microservice,,,] 23493 --- [           main] .s.c.n.e.s.EurekaAutoServiceRegistration : Updating port to 9091
2019-12-13 22:03:06.989  INFO [category-microservice,,,] 23493 --- [           main] c.e.category.CategoryApplication         : Started CategoryApplication in 19.524 seconds (JVM running for 21.001)
2019-12-13 22:08:06.461  INFO [category-microservice,,,] 23493 --- [trap-executor-0] c.n.d.s.r.aws.ConfigClusterResolver      : Resolving eureka endpoints via configuration
2019-12-13 22:13:06.473  INFO [category-microservice,,,] 23493 --- [trap-executor-0] c.n.d.s.r.aws.ConfigClusterResolver      : Resolving eureka endpoints via configuration
2019-12-13 22:18:06.481  INFO [category-microservice,,,] 23493 --- [trap-executor-0] c.n.d.s.r.aws.ConfigClusterResolver      : Resolving eureka endpoints via configuration
2019-12-13 22:23:06.494  INFO [category-microservice,,,] 23493 --- [trap-executor-0] c.n.d.s.r.aws.ConfigClusterResolver      : Resolving eureka endpoints via configuration
2019-12-13 22:28:06.486  INFO [category-microservice,,,] 23493 --- [trap-executor-0] c.n.d.s.r.aws.ConfigClusterResolver      : Resolving eureka endpoints via configuration
