Picked up JAVA_TOOL_OPTIONS: -Dsun.locale.formatasdefault=true
[INFO] Scanning for projects...
[INFO] 
[INFO] --------------< com.ecommerce:config-server-microservice >--------------
[INFO] Building config-server-microservice 0.0.1-SNAPSHOT
[INFO] --------------------------------[ jar ]---------------------------------
[INFO] 
[INFO] >>> spring-boot-maven-plugin:2.2.0.RELEASE:run (default-cli) > test-compile @ config-server-microservice >>>
[INFO] 
[INFO] --- maven-resources-plugin:3.1.0:resources (default-resources) @ config-server-microservice ---
[INFO] Using 'UTF-8' encoding to copy filtered resources.
[INFO] Copying 1 resource
[INFO] Copying 0 resource
[INFO] 
[INFO] --- maven-compiler-plugin:3.8.1:compile (default-compile) @ config-server-microservice ---
[INFO] Nothing to compile - all classes are up to date
[INFO] 
[INFO] --- maven-resources-plugin:3.1.0:testResources (default-testResources) @ config-server-microservice ---
[INFO] Using 'UTF-8' encoding to copy filtered resources.
[INFO] skip non existing resourceDirectory /Users/florent.masdoumier/IdeaProjects/Trip/config-server-microservice/src/test/resources
[INFO] 
[INFO] --- maven-compiler-plugin:3.8.1:testCompile (default-testCompile) @ config-server-microservice ---
[INFO] Nothing to compile - all classes are up to date
[INFO] 
[INFO] <<< spring-boot-maven-plugin:2.2.0.RELEASE:run (default-cli) < test-compile @ config-server-microservice <<<
[INFO] 
[INFO] 
[INFO] --- spring-boot-maven-plugin:2.2.0.RELEASE:run (default-cli) @ config-server-microservice ---
[INFO] Attaching agents: []
Picked up JAVA_TOOL_OPTIONS: -Dsun.locale.formatasdefault=true
2019-12-08 22:07:30.790  INFO [,,,] 88353 --- [           main] trationDelegate$BeanPostProcessorChecker : Bean 'org.springframework.cloud.autoconfigure.ConfigurationPropertiesRebinderAutoConfiguration' of type [org.springframework.cloud.autoconfigure.ConfigurationPropertiesRebinderAutoConfiguration$$EnhancerBySpringCGLIB$$35b680f8] is not eligible for getting processed by all BeanPostProcessors (for example: not eligible for auto-proxying)

  .   ____          _            __ _ _
 /\\ / ___'_ __ _ _(_)_ __  __ _ \ \ \ \
( ( )\___ | '_ | '_| | '_ \/ _` | \ \ \ \
 \\/  ___)| |_)| | | | | || (_| |  ) ) ) )
  '  |____| .__|_| |_|_| |_\__, | / / / /
 =========|_|==============|___/=/_/_/_/
 :: Spring Boot ::        (v2.2.0.RELEASE)

2019-12-08 22:07:30.893  INFO [adventure-microservice,,,] 88353 --- [           main] .e.c.ConfigServerMicroserviceApplication : No active profile set, falling back to default profiles: default
2019-12-08 22:07:31.783  INFO [adventure-microservice,,,] 88353 --- [           main] o.s.cloud.context.scope.GenericScope     : BeanFactory id=54aaf2f5-d931-3289-bb09-027bfbc2165d
2019-12-08 22:07:32.127  INFO [adventure-microservice,,,] 88353 --- [           main] trationDelegate$BeanPostProcessorChecker : Bean 'org.springframework.cloud.autoconfigure.ConfigurationPropertiesRebinderAutoConfiguration' of type [org.springframework.cloud.autoconfigure.ConfigurationPropertiesRebinderAutoConfiguration$$EnhancerBySpringCGLIB$$35b680f8] is not eligible for getting processed by all BeanPostProcessors (for example: not eligible for auto-proxying)
2019-12-08 22:07:32.877  INFO [adventure-microservice,,,] 88353 --- [           main] o.s.b.w.embedded.tomcat.TomcatWebServer  : Tomcat initialized with port(s): 9094 (http)
2019-12-08 22:07:32.888  INFO [adventure-microservice,,,] 88353 --- [           main] o.apache.catalina.core.StandardService   : Starting service [Tomcat]
2019-12-08 22:07:32.889  INFO [adventure-microservice,,,] 88353 --- [           main] org.apache.catalina.core.StandardEngine  : Starting Servlet engine: [Apache Tomcat/9.0.27]
2019-12-08 22:07:33.059  INFO [adventure-microservice,,,] 88353 --- [           main] o.a.c.c.C.[Tomcat].[localhost].[/]       : Initializing Spring embedded WebApplicationContext
2019-12-08 22:07:33.059  INFO [adventure-microservice,,,] 88353 --- [           main] o.s.web.context.ContextLoader            : Root WebApplicationContext: initialization completed in 2150 ms
2019-12-08 22:07:35.716  INFO [adventure-microservice,,,] 88353 --- [           main] o.s.s.concurrent.ThreadPoolTaskExecutor  : Initializing ExecutorService 'applicationTaskExecutor'
2019-12-08 22:07:36.850  INFO [adventure-microservice,,,] 88353 --- [           main] o.s.b.a.e.web.EndpointLinksResolver      : Exposing 2 endpoint(s) beneath base path '/actuator'
2019-12-08 22:07:36.997  INFO [adventure-microservice,,,] 88353 --- [           main] o.s.b.w.embedded.tomcat.TomcatWebServer  : Tomcat started on port(s): 9094 (http) with context path ''
2019-12-08 22:07:37.002  INFO [adventure-microservice,,,] 88353 --- [           main] .e.c.ConfigServerMicroserviceApplication : Started ConfigServerMicroserviceApplication in 7.028 seconds (JVM running for 7.495)
2019-12-08 22:07:51.965  INFO [adventure-microservice,,,] 88353 --- [nio-9094-exec-1] o.a.c.c.C.[Tomcat].[localhost].[/]       : Initializing Spring DispatcherServlet 'dispatcherServlet'
2019-12-08 22:07:51.965  INFO [adventure-microservice,,,] 88353 --- [nio-9094-exec-1] o.s.web.servlet.DispatcherServlet        : Initializing Servlet 'dispatcherServlet'
2019-12-08 22:07:51.991  INFO [adventure-microservice,,,] 88353 --- [nio-9094-exec-1] o.s.web.servlet.DispatcherServlet        : Completed initialization in 26 ms
2019-12-08 22:08:04.740  INFO [adventure-microservice,43d11a19716c4d91,43d11a19716c4d91,true] 88353 --- [nio-9094-exec-1] o.s.c.c.s.e.NativeEnvironmentRepository  : Adding property source: file:/var/folders/6m/0kg6fn8d27vcdfs3x8hvk5rc0000gp/T/config-repo-3268648970609575272/zuul-server-microservice.properties
2019-12-08 22:08:19.826  INFO [adventure-microservice,ff3b4012d675b48b,ff3b4012d675b48b,true] 88353 --- [nio-9094-exec-3] o.s.c.c.s.e.NativeEnvironmentRepository  : Adding property source: file:/var/folders/6m/0kg6fn8d27vcdfs3x8hvk5rc0000gp/T/config-repo-3268648970609575272/adventure-microservice.properties
2019-12-08 22:08:21.801  WARN [adventure-microservice,d908716efc7aa8b9,d908716efc7aa8b9,true] 88353 --- [nio-9094-exec-6] .c.s.e.MultipleJGitEnvironmentRepository : Could not fetch remote for master remote: https://github.com/walterwhites/config-microservice-trip.git
2019-12-08 22:08:21.824  INFO [adventure-microservice,d908716efc7aa8b9,d908716efc7aa8b9,true] 88353 --- [nio-9094-exec-6] o.s.c.c.s.e.NativeEnvironmentRepository  : Adding property source: file:/var/folders/6m/0kg6fn8d27vcdfs3x8hvk5rc0000gp/T/config-repo-3268648970609575272/clientui-microservice.properties
2019-12-08 22:08:24.599  INFO [adventure-microservice,753b655bff08cf8a,753b655bff08cf8a,false] 88353 --- [nio-9094-exec-5] o.s.c.c.s.e.NativeEnvironmentRepository  : Adding property source: file:/var/folders/6m/0kg6fn8d27vcdfs3x8hvk5rc0000gp/T/config-repo-3268648970609575272/adventure-microservice.properties
2019-12-08 22:08:29.002  WARN [adventure-microservice,be54f6da2228269e,be54f6da2228269e,false] 88353 --- [nio-9094-exec-4] .c.s.e.MultipleJGitEnvironmentRepository : Could not fetch remote for master remote: https://github.com/walterwhites/config-microservice-trip.git
2019-12-08 22:08:29.025  INFO [adventure-microservice,be54f6da2228269e,be54f6da2228269e,false] 88353 --- [nio-9094-exec-4] o.s.c.c.s.e.NativeEnvironmentRepository  : Adding property source: file:/var/folders/6m/0kg6fn8d27vcdfs3x8hvk5rc0000gp/T/config-repo-3268648970609575272/category-microservice.properties
2019-12-08 22:08:36.583  INFO [adventure-microservice,c0b2cc3bea864878,c0b2cc3bea864878,true] 88353 --- [nio-9094-exec-8] o.s.c.c.s.e.NativeEnvironmentRepository  : Adding property source: file:/var/folders/6m/0kg6fn8d27vcdfs3x8hvk5rc0000gp/T/config-repo-3268648970609575272/client-microservice.properties
2019-12-08 22:08:41.398  INFO [adventure-microservice,3c8c7c028463a2bd,3c8c7c028463a2bd,true] 88353 --- [nio-9094-exec-7] o.s.c.c.s.e.NativeEnvironmentRepository  : Adding property source: file:/var/folders/6m/0kg6fn8d27vcdfs3x8hvk5rc0000gp/T/config-repo-3268648970609575272/login-microservice.properties
2019-12-08 22:15:16.221  INFO [adventure-microservice,bbebb3fc989c896c,bbebb3fc989c896c,true] 88353 --- [nio-9094-exec-5] o.s.c.c.s.e.NativeEnvironmentRepository  : Adding property source: file:/var/folders/6m/0kg6fn8d27vcdfs3x8hvk5rc0000gp/T/config-repo-3268648970609575272/clientui-microservice.properties
2019-12-08 22:15:53.365  INFO [adventure-microservice,1033558526821fe9,1033558526821fe9,true] 88353 --- [nio-9094-exec-9] o.s.c.c.s.e.NativeEnvironmentRepository  : Adding property source: file:/var/folders/6m/0kg6fn8d27vcdfs3x8hvk5rc0000gp/T/config-repo-3268648970609575272/clientui-microservice.properties
2019-12-08 22:17:09.450  INFO [adventure-microservice,615b5ce25e245b6c,615b5ce25e245b6c,true] 88353 --- [io-9094-exec-10] o.s.c.c.s.e.NativeEnvironmentRepository  : Adding property source: file:/var/folders/6m/0kg6fn8d27vcdfs3x8hvk5rc0000gp/T/config-repo-3268648970609575272/clientui-microservice.properties
2019-12-08 22:19:33.883  INFO [adventure-microservice,15e4d0150e6a3a58,15e4d0150e6a3a58,true] 88353 --- [nio-9094-exec-2] o.s.c.c.s.e.NativeEnvironmentRepository  : Adding property source: file:/var/folders/6m/0kg6fn8d27vcdfs3x8hvk5rc0000gp/T/config-repo-3268648970609575272/clientui-microservice.properties
2019-12-08 22:20:10.160  INFO [adventure-microservice,d009f9414da055ab,d009f9414da055ab,true] 88353 --- [nio-9094-exec-7] o.s.c.c.s.e.NativeEnvironmentRepository  : Adding property source: file:/var/folders/6m/0kg6fn8d27vcdfs3x8hvk5rc0000gp/T/config-repo-3268648970609575272/clientui-microservice.properties
2019-12-08 22:31:20.702  INFO [adventure-microservice,078695c65638ed4c,078695c65638ed4c,true] 88353 --- [nio-9094-exec-6] o.s.c.c.s.e.NativeEnvironmentRepository  : Adding property source: file:/var/folders/6m/0kg6fn8d27vcdfs3x8hvk5rc0000gp/T/config-repo-3268648970609575272/clientui-microservice.properties
2019-12-08 22:32:00.844  INFO [adventure-microservice,2006377161bb7721,2006377161bb7721,true] 88353 --- [nio-9094-exec-5] o.s.c.c.s.e.NativeEnvironmentRepository  : Adding property source: file:/var/folders/6m/0kg6fn8d27vcdfs3x8hvk5rc0000gp/T/config-repo-3268648970609575272/clientui-microservice.properties
2019-12-08 22:33:02.109  INFO [adventure-microservice,a881cbb6f684e58e,a881cbb6f684e58e,true] 88353 --- [nio-9094-exec-4] o.s.c.c.s.e.NativeEnvironmentRepository  : Adding property source: file:/var/folders/6m/0kg6fn8d27vcdfs3x8hvk5rc0000gp/T/config-repo-3268648970609575272/clientui-microservice.properties
2019-12-08 22:37:54.049  INFO [adventure-microservice,78e0652508d6fef1,78e0652508d6fef1,true] 88353 --- [io-9094-exec-10] o.s.c.c.s.e.NativeEnvironmentRepository  : Adding property source: file:/var/folders/6m/0kg6fn8d27vcdfs3x8hvk5rc0000gp/T/config-repo-3268648970609575272/clientui-microservice.properties
2019-12-08 22:40:27.315  INFO [adventure-microservice,482196d21a2409b2,482196d21a2409b2,true] 88353 --- [nio-9094-exec-2] o.s.c.c.s.e.NativeEnvironmentRepository  : Adding property source: file:/var/folders/6m/0kg6fn8d27vcdfs3x8hvk5rc0000gp/T/config-repo-3268648970609575272/clientui-microservice.properties
2019-12-08 22:40:52.459  INFO [adventure-microservice,174677f78e8b8821,174677f78e8b8821,true] 88353 --- [nio-9094-exec-8] o.s.c.c.s.e.NativeEnvironmentRepository  : Adding property source: file:/var/folders/6m/0kg6fn8d27vcdfs3x8hvk5rc0000gp/T/config-repo-3268648970609575272/clientui-microservice.properties
2019-12-08 22:41:41.381  INFO [adventure-microservice,f3e658fea30732d9,f3e658fea30732d9,true] 88353 --- [nio-9094-exec-7] o.s.c.c.s.e.NativeEnvironmentRepository  : Adding property source: file:/var/folders/6m/0kg6fn8d27vcdfs3x8hvk5rc0000gp/T/config-repo-3268648970609575272/clientui-microservice.properties
2019-12-08 22:46:16.210  INFO [adventure-microservice,a5fbfc532c356392,a5fbfc532c356392,true] 88353 --- [nio-9094-exec-3] o.s.c.c.s.e.NativeEnvironmentRepository  : Adding property source: file:/var/folders/6m/0kg6fn8d27vcdfs3x8hvk5rc0000gp/T/config-repo-3268648970609575272/clientui-microservice.properties
2019-12-08 22:46:34.346  INFO [adventure-microservice,f6125b28ba0896e0,f6125b28ba0896e0,true] 88353 --- [nio-9094-exec-6] o.s.c.c.s.e.NativeEnvironmentRepository  : Adding property source: file:/var/folders/6m/0kg6fn8d27vcdfs3x8hvk5rc0000gp/T/config-repo-3268648970609575272/clientui-microservice.properties
2019-12-08 22:47:08.253  INFO [adventure-microservice,aaeb5b9239ff6512,aaeb5b9239ff6512,true] 88353 --- [nio-9094-exec-9] o.s.c.c.s.e.NativeEnvironmentRepository  : Adding property source: file:/var/folders/6m/0kg6fn8d27vcdfs3x8hvk5rc0000gp/T/config-repo-3268648970609575272/clientui-microservice.properties
2019-12-08 22:47:20.488  INFO [adventure-microservice,07c0e090956294b3,07c0e090956294b3,true] 88353 --- [io-9094-exec-10] o.s.c.c.s.e.NativeEnvironmentRepository  : Adding property source: file:/var/folders/6m/0kg6fn8d27vcdfs3x8hvk5rc0000gp/T/config-repo-3268648970609575272/clientui-microservice.properties
2019-12-08 22:48:52.404  INFO [adventure-microservice,6391bc65f869cf4a,6391bc65f869cf4a,true] 88353 --- [nio-9094-exec-2] o.s.c.c.s.e.NativeEnvironmentRepository  : Adding property source: file:/var/folders/6m/0kg6fn8d27vcdfs3x8hvk5rc0000gp/T/config-repo-3268648970609575272/clientui-microservice.properties
2019-12-08 22:49:32.295  INFO [adventure-microservice,492cb1227a5627b2,492cb1227a5627b2,true] 88353 --- [nio-9094-exec-7] o.s.c.c.s.e.NativeEnvironmentRepository  : Adding property source: file:/var/folders/6m/0kg6fn8d27vcdfs3x8hvk5rc0000gp/T/config-repo-3268648970609575272/clientui-microservice.properties
2019-12-08 22:50:23.287  INFO [adventure-microservice,24d789fbd9c6e295,24d789fbd9c6e295,true] 88353 --- [nio-9094-exec-6] o.s.c.c.s.e.NativeEnvironmentRepository  : Adding property source: file:/var/folders/6m/0kg6fn8d27vcdfs3x8hvk5rc0000gp/T/config-repo-3268648970609575272/clientui-microservice.properties
2019-12-08 22:50:27.213  WARN [adventure-microservice,73aabc6cf475c3da,73aabc6cf475c3da,true] 88353 --- [nio-9094-exec-5] .c.s.e.MultipleJGitEnvironmentRepository : Could not fetch remote for master remote: https://github.com/walterwhites/config-microservice-trip.git
2019-12-08 22:50:27.244  INFO [adventure-microservice,73aabc6cf475c3da,73aabc6cf475c3da,true] 88353 --- [nio-9094-exec-5] o.s.c.c.s.e.NativeEnvironmentRepository  : Adding property source: file:/var/folders/6m/0kg6fn8d27vcdfs3x8hvk5rc0000gp/T/config-repo-3268648970609575272/clientui-microservice.properties
2019-12-08 22:52:04.577  INFO [adventure-microservice,39e2b11ef049b6d0,39e2b11ef049b6d0,true] 88353 --- [nio-9094-exec-4] o.s.c.c.s.e.NativeEnvironmentRepository  : Adding property source: file:/var/folders/6m/0kg6fn8d27vcdfs3x8hvk5rc0000gp/T/config-repo-3268648970609575272/clientui-microservice.properties
2019-12-08 22:53:57.005  INFO [adventure-microservice,95433e2c4be1a015,95433e2c4be1a015,true] 88353 --- [nio-9094-exec-1] o.s.c.c.s.e.NativeEnvironmentRepository  : Adding property source: file:/var/folders/6m/0kg6fn8d27vcdfs3x8hvk5rc0000gp/T/config-repo-3268648970609575272/clientui-microservice.properties
2019-12-08 22:59:11.638  INFO [adventure-microservice,c3ff7855a5701505,c3ff7855a5701505,true] 88353 --- [nio-9094-exec-8] o.s.c.c.s.e.NativeEnvironmentRepository  : Adding property source: file:/var/folders/6m/0kg6fn8d27vcdfs3x8hvk5rc0000gp/T/config-repo-3268648970609575272/clientui-microservice.properties
2019-12-08 23:00:11.462  INFO [adventure-microservice,99496f41e037e428,99496f41e037e428,true] 88353 --- [nio-9094-exec-3] o.s.c.c.s.e.NativeEnvironmentRepository  : Adding property source: file:/var/folders/6m/0kg6fn8d27vcdfs3x8hvk5rc0000gp/T/config-repo-3268648970609575272/clientui-microservice.properties
2019-12-08 23:00:36.779  INFO [adventure-microservice,ff24e8f11efbbec9,ff24e8f11efbbec9,true] 88353 --- [nio-9094-exec-5] o.s.c.c.s.e.NativeEnvironmentRepository  : Adding property source: file:/var/folders/6m/0kg6fn8d27vcdfs3x8hvk5rc0000gp/T/config-repo-3268648970609575272/clientui-microservice.properties
2019-12-08 23:01:39.972  INFO [adventure-microservice,ee005d2c4d82cc53,ee005d2c4d82cc53,true] 88353 --- [nio-9094-exec-2] o.s.c.c.s.e.NativeEnvironmentRepository  : Adding property source: file:/var/folders/6m/0kg6fn8d27vcdfs3x8hvk5rc0000gp/T/config-repo-3268648970609575272/clientui-microservice.properties
2019-12-08 23:02:16.429  INFO [adventure-microservice,50a95175fde9ccad,50a95175fde9ccad,true] 88353 --- [nio-9094-exec-7] o.s.c.c.s.e.NativeEnvironmentRepository  : Adding property source: file:/var/folders/6m/0kg6fn8d27vcdfs3x8hvk5rc0000gp/T/config-repo-3268648970609575272/clientui-microservice.properties
2019-12-08 23:02:38.373  INFO [adventure-microservice,7565a6570264bdbc,7565a6570264bdbc,true] 88353 --- [nio-9094-exec-6] o.s.c.c.s.e.NativeEnvironmentRepository  : Adding property source: file:/var/folders/6m/0kg6fn8d27vcdfs3x8hvk5rc0000gp/T/config-repo-3268648970609575272/clientui-microservice.properties
2019-12-08 23:07:01.831  INFO [adventure-microservice,c3ad516e08c767ad,c3ad516e08c767ad,true] 88353 --- [nio-9094-exec-9] o.s.c.c.s.e.NativeEnvironmentRepository  : Adding property source: file:/var/folders/6m/0kg6fn8d27vcdfs3x8hvk5rc0000gp/T/config-repo-3268648970609575272/clientui-microservice.properties
2019-12-08 23:07:21.293  INFO [adventure-microservice,7a0ec7f105effff5,7a0ec7f105effff5,true] 88353 --- [io-9094-exec-10] o.s.c.c.s.e.NativeEnvironmentRepository  : Adding property source: file:/var/folders/6m/0kg6fn8d27vcdfs3x8hvk5rc0000gp/T/config-repo-3268648970609575272/clientui-microservice.properties
2019-12-08 23:17:21.567  INFO [adventure-microservice,967a64e6e4017074,967a64e6e4017074,true] 88353 --- [nio-9094-exec-2] o.s.c.c.s.e.NativeEnvironmentRepository  : Adding property source: file:/var/folders/6m/0kg6fn8d27vcdfs3x8hvk5rc0000gp/T/config-repo-3268648970609575272/clientui-microservice.properties
2019-12-08 23:18:51.136  INFO [adventure-microservice,1fa13eb11ee480bc,1fa13eb11ee480bc,true] 88353 --- [nio-9094-exec-7] o.s.c.c.s.e.NativeEnvironmentRepository  : Adding property source: file:/var/folders/6m/0kg6fn8d27vcdfs3x8hvk5rc0000gp/T/config-repo-3268648970609575272/clientui-microservice.properties
2019-12-08 23:19:28.513  INFO [adventure-microservice,ed32fcc5d1a924c8,ed32fcc5d1a924c8,true] 88353 --- [nio-9094-exec-6] o.s.c.c.s.e.NativeEnvironmentRepository  : Adding property source: file:/var/folders/6m/0kg6fn8d27vcdfs3x8hvk5rc0000gp/T/config-repo-3268648970609575272/clientui-microservice.properties
2019-12-08 23:19:36.035  WARN [adventure-microservice,1026b15dcd6417fb,1026b15dcd6417fb,true] 88353 --- [nio-9094-exec-9] .c.s.e.MultipleJGitEnvironmentRepository : Could not fetch remote for master remote: https://github.com/walterwhites/config-microservice-trip.git
2019-12-08 23:19:36.074  INFO [adventure-microservice,1026b15dcd6417fb,1026b15dcd6417fb,true] 88353 --- [nio-9094-exec-9] o.s.c.c.s.e.NativeEnvironmentRepository  : Adding property source: file:/var/folders/6m/0kg6fn8d27vcdfs3x8hvk5rc0000gp/T/config-repo-3268648970609575272/clientui-microservice.properties
2019-12-08 23:20:22.702  INFO [adventure-microservice,dbd6f356afa1cacc,dbd6f356afa1cacc,true] 88353 --- [io-9094-exec-10] o.s.c.c.s.e.NativeEnvironmentRepository  : Adding property source: file:/var/folders/6m/0kg6fn8d27vcdfs3x8hvk5rc0000gp/T/config-repo-3268648970609575272/clientui-microservice.properties
2019-12-08 23:27:40.143  INFO [adventure-microservice,09eea615b4019c06,09eea615b4019c06,true] 88353 --- [nio-9094-exec-1] o.s.c.c.s.e.NativeEnvironmentRepository  : Adding property source: file:/var/folders/6m/0kg6fn8d27vcdfs3x8hvk5rc0000gp/T/config-repo-3268648970609575272/client-microservice.properties
2019-12-08 23:27:52.866  INFO [adventure-microservice,94eb2bf8f0863d79,94eb2bf8f0863d79,true] 88353 --- [nio-9094-exec-8] o.s.c.c.s.e.NativeEnvironmentRepository  : Adding property source: file:/var/folders/6m/0kg6fn8d27vcdfs3x8hvk5rc0000gp/T/config-repo-3268648970609575272/client-microservice.properties
2019-12-08 23:31:56.885  INFO [adventure-microservice,06f05dc7cf7eb8ca,06f05dc7cf7eb8ca,true] 88353 --- [nio-9094-exec-3] o.s.c.c.s.e.NativeEnvironmentRepository  : Adding property source: file:/var/folders/6m/0kg6fn8d27vcdfs3x8hvk5rc0000gp/T/config-repo-3268648970609575272/client-microservice.properties
2019-12-08 23:39:34.110  INFO [adventure-microservice,1b1d9d5cf931e2b3,1b1d9d5cf931e2b3,true] 88353 --- [nio-9094-exec-5] o.s.c.c.s.e.NativeEnvironmentRepository  : Adding property source: file:/var/folders/6m/0kg6fn8d27vcdfs3x8hvk5rc0000gp/T/config-repo-3268648970609575272/client-microservice.properties
2019-12-08 23:48:37.556  INFO [adventure-microservice,3064a14b0b098700,3064a14b0b098700,true] 88353 --- [nio-9094-exec-4] o.s.c.c.s.e.NativeEnvironmentRepository  : Adding property source: file:/var/folders/6m/0kg6fn8d27vcdfs3x8hvk5rc0000gp/T/config-repo-3268648970609575272/client-microservice.properties
2019-12-08 23:52:31.085  INFO [adventure-microservice,81078c554091a933,81078c554091a933,true] 88353 --- [nio-9094-exec-1] o.s.c.c.s.e.NativeEnvironmentRepository  : Adding property source: file:/var/folders/6m/0kg6fn8d27vcdfs3x8hvk5rc0000gp/T/config-repo-3268648970609575272/client-microservice.properties
2019-12-08 23:52:43.294  INFO [adventure-microservice,cc4a470f67fd81ca,cc4a470f67fd81ca,true] 88353 --- [nio-9094-exec-8] o.s.c.c.s.e.NativeEnvironmentRepository  : Adding property source: file:/var/folders/6m/0kg6fn8d27vcdfs3x8hvk5rc0000gp/T/config-repo-3268648970609575272/client-microservice.properties
2019-12-08 23:54:50.689  INFO [adventure-microservice,c1ddcaac4a89d497,c1ddcaac4a89d497,true] 88353 --- [nio-9094-exec-3] o.s.c.c.s.e.NativeEnvironmentRepository  : Adding property source: file:/var/folders/6m/0kg6fn8d27vcdfs3x8hvk5rc0000gp/T/config-repo-3268648970609575272/client-microservice.properties
2019-12-08 23:54:57.438  INFO [adventure-microservice,94ca97fd887c5556,94ca97fd887c5556,true] 88353 --- [nio-9094-exec-5] o.s.c.c.s.e.NativeEnvironmentRepository  : Adding property source: file:/var/folders/6m/0kg6fn8d27vcdfs3x8hvk5rc0000gp/T/config-repo-3268648970609575272/client-microservice.properties
2019-12-08 23:56:25.128  INFO [adventure-microservice,9f52f53fa1fa7de8,9f52f53fa1fa7de8,true] 88353 --- [nio-9094-exec-4] o.s.c.c.s.e.NativeEnvironmentRepository  : Adding property source: file:/var/folders/6m/0kg6fn8d27vcdfs3x8hvk5rc0000gp/T/config-repo-3268648970609575272/client-microservice.properties
2019-12-08 23:57:51.630  INFO [adventure-microservice,ad8c603c67e8d38f,ad8c603c67e8d38f,true] 88353 --- [nio-9094-exec-1] o.s.c.c.s.e.NativeEnvironmentRepository  : Adding property source: file:/var/folders/6m/0kg6fn8d27vcdfs3x8hvk5rc0000gp/T/config-repo-3268648970609575272/client-microservice.properties
2019-12-09 00:00:38.519  INFO [adventure-microservice,f8e04367f1e1478b,f8e04367f1e1478b,true] 88353 --- [nio-9094-exec-8] o.s.c.c.s.e.NativeEnvironmentRepository  : Adding property source: file:/var/folders/6m/0kg6fn8d27vcdfs3x8hvk5rc0000gp/T/config-repo-3268648970609575272/client-microservice.properties
2019-12-09 00:14:57.094  INFO [adventure-microservice,3f9bf64cc1a4fc1a,3f9bf64cc1a4fc1a,true] 88353 --- [nio-9094-exec-3] o.s.c.c.s.e.NativeEnvironmentRepository  : Adding property source: file:/var/folders/6m/0kg6fn8d27vcdfs3x8hvk5rc0000gp/T/config-repo-3268648970609575272/client-microservice.properties
2019-12-09 00:16:49.143  INFO [adventure-microservice,163fb2b6a73817b7,163fb2b6a73817b7,true] 88353 --- [nio-9094-exec-6] o.s.c.c.s.e.NativeEnvironmentRepository  : Adding property source: file:/var/folders/6m/0kg6fn8d27vcdfs3x8hvk5rc0000gp/T/config-repo-3268648970609575272/client-microservice.properties
2019-12-09 00:17:00.992  INFO [adventure-microservice,a6e809de6f63e04a,a6e809de6f63e04a,true] 88353 --- [nio-9094-exec-5] o.s.c.c.s.e.NativeEnvironmentRepository  : Adding property source: file:/var/folders/6m/0kg6fn8d27vcdfs3x8hvk5rc0000gp/T/config-repo-3268648970609575272/client-microservice.properties
2019-12-09 00:17:17.396  INFO [adventure-microservice,8cda957e831732c9,8cda957e831732c9,true] 88353 --- [nio-9094-exec-4] o.s.c.c.s.e.NativeEnvironmentRepository  : Adding property source: file:/var/folders/6m/0kg6fn8d27vcdfs3x8hvk5rc0000gp/T/config-repo-3268648970609575272/client-microservice.properties
2019-12-09 00:18:13.845  INFO [adventure-microservice,22499a51f4a9c3c6,22499a51f4a9c3c6,true] 88353 --- [nio-9094-exec-1] o.s.c.c.s.e.NativeEnvironmentRepository  : Adding property source: file:/var/folders/6m/0kg6fn8d27vcdfs3x8hvk5rc0000gp/T/config-repo-3268648970609575272/client-microservice.properties
2019-12-09 00:21:49.944  INFO [adventure-microservice,ce185115a6798f83,ce185115a6798f83,true] 88353 --- [nio-9094-exec-8] o.s.c.c.s.e.NativeEnvironmentRepository  : Adding property source: file:/var/folders/6m/0kg6fn8d27vcdfs3x8hvk5rc0000gp/T/config-repo-3268648970609575272/client-microservice.properties
2019-12-09 00:24:14.248  INFO [adventure-microservice,d012e24fef465779,d012e24fef465779,true] 88353 --- [nio-9094-exec-3] o.s.c.c.s.e.NativeEnvironmentRepository  : Adding property source: file:/var/folders/6m/0kg6fn8d27vcdfs3x8hvk5rc0000gp/T/config-repo-3268648970609575272/client-microservice.properties
2019-12-09 00:25:16.772  INFO [adventure-microservice,cea1d941dc187d11,cea1d941dc187d11,true] 88353 --- [nio-9094-exec-5] o.s.c.c.s.e.NativeEnvironmentRepository  : Adding property source: file:/var/folders/6m/0kg6fn8d27vcdfs3x8hvk5rc0000gp/T/config-repo-3268648970609575272/client-microservice.properties
2019-12-09 00:31:44.022  INFO [adventure-microservice,3b6c52235b5390ba,3b6c52235b5390ba,true] 88353 --- [nio-9094-exec-4] o.s.c.c.s.e.NativeEnvironmentRepository  : Adding property source: file:/var/folders/6m/0kg6fn8d27vcdfs3x8hvk5rc0000gp/T/config-repo-3268648970609575272/login-microservice.properties
2019-12-09 00:35:23.127  INFO [adventure-microservice,0b724adeaefb64bd,0b724adeaefb64bd,true] 88353 --- [nio-9094-exec-1] o.s.c.c.s.e.NativeEnvironmentRepository  : Adding property source: file:/var/folders/6m/0kg6fn8d27vcdfs3x8hvk5rc0000gp/T/config-repo-3268648970609575272/zuul-server-microservice.properties
2019-12-09 00:55:47.155  INFO [adventure-microservice,de052c8a1c6fa6d4,de052c8a1c6fa6d4,true] 88353 --- [nio-9094-exec-8] o.s.c.c.s.e.NativeEnvironmentRepository  : Adding property source: file:/var/folders/6m/0kg6fn8d27vcdfs3x8hvk5rc0000gp/T/config-repo-3268648970609575272/login-microservice.properties
2019-12-09 00:57:25.563  INFO [adventure-microservice,42151483f5036462,42151483f5036462,true] 88353 --- [nio-9094-exec-3] o.s.c.c.s.e.NativeEnvironmentRepository  : Adding property source: file:/var/folders/6m/0kg6fn8d27vcdfs3x8hvk5rc0000gp/T/config-repo-3268648970609575272/login-microservice.properties
2019-12-09 01:00:43.291  INFO [adventure-microservice,c4f5b19087c7c255,c4f5b19087c7c255,true] 88353 --- [nio-9094-exec-5] o.s.c.c.s.e.NativeEnvironmentRepository  : Adding property source: file:/var/folders/6m/0kg6fn8d27vcdfs3x8hvk5rc0000gp/T/config-repo-3268648970609575272/login-microservice.properties
2019-12-09 01:16:18.784  INFO [adventure-microservice,efc286b796a78d5d,efc286b796a78d5d,true] 88353 --- [nio-9094-exec-4] o.s.c.c.s.e.NativeEnvironmentRepository  : Adding property source: file:/var/folders/6m/0kg6fn8d27vcdfs3x8hvk5rc0000gp/T/config-repo-3268648970609575272/login-microservice.properties
2019-12-09 01:28:42.553  INFO [adventure-microservice,c2185ea506105b05,c2185ea506105b05,true] 88353 --- [nio-9094-exec-1] o.s.c.c.s.e.NativeEnvironmentRepository  : Adding property source: file:/var/folders/6m/0kg6fn8d27vcdfs3x8hvk5rc0000gp/T/config-repo-3268648970609575272/login-microservice.properties
2019-12-09 02:01:03.407  INFO [adventure-microservice,e98d1ce1e862cd84,e98d1ce1e862cd84,true] 88353 --- [nio-9094-exec-8] o.s.c.c.s.e.NativeEnvironmentRepository  : Adding property source: file:/var/folders/6m/0kg6fn8d27vcdfs3x8hvk5rc0000gp/T/config-repo-3268648970609575272/login-microservice.properties
2019-12-09 02:06:03.408  INFO [adventure-microservice,65f0ed5bf1cef89c,65f0ed5bf1cef89c,true] 88353 --- [nio-9094-exec-3] o.s.c.c.s.e.NativeEnvironmentRepository  : Adding property source: file:/var/folders/6m/0kg6fn8d27vcdfs3x8hvk5rc0000gp/T/config-repo-3268648970609575272/login-microservice.properties
2019-12-09 02:19:02.803  INFO [adventure-microservice,0c554bbde2a0131d,0c554bbde2a0131d,true] 88353 --- [nio-9094-exec-5] o.s.c.c.s.e.NativeEnvironmentRepository  : Adding property source: file:/var/folders/6m/0kg6fn8d27vcdfs3x8hvk5rc0000gp/T/config-repo-3268648970609575272/client-microservice.properties
2019-12-09 02:20:13.444  INFO [adventure-microservice,df5b19d3ed6dc24d,df5b19d3ed6dc24d,true] 88353 --- [nio-9094-exec-9] o.s.c.c.s.e.NativeEnvironmentRepository  : Adding property source: file:/var/folders/6m/0kg6fn8d27vcdfs3x8hvk5rc0000gp/T/config-repo-3268648970609575272/client-microservice.properties
2019-12-09 02:27:16.571  INFO [adventure-microservice,e2f00b366cb963f9,e2f00b366cb963f9,true] 88353 --- [nio-9094-exec-4] o.s.c.c.s.e.NativeEnvironmentRepository  : Adding property source: file:/var/folders/6m/0kg6fn8d27vcdfs3x8hvk5rc0000gp/T/config-repo-3268648970609575272/client-microservice.properties
2019-12-09 02:29:08.247  INFO [adventure-microservice,a97656a0bab84087,a97656a0bab84087,true] 88353 --- [nio-9094-exec-1] o.s.c.c.s.e.NativeEnvironmentRepository  : Adding property source: file:/var/folders/6m/0kg6fn8d27vcdfs3x8hvk5rc0000gp/T/config-repo-3268648970609575272/client-microservice.properties
2019-12-09 02:29:15.694  WARN [adventure-microservice,164610ff949e8f9b,164610ff949e8f9b,true] 88353 --- [nio-9094-exec-2] .c.s.e.MultipleJGitEnvironmentRepository : Could not fetch remote for master remote: https://github.com/walterwhites/config-microservice-trip.git
2019-12-09 02:29:15.730  INFO [adventure-microservice,164610ff949e8f9b,164610ff949e8f9b,true] 88353 --- [nio-9094-exec-2] o.s.c.c.s.e.NativeEnvironmentRepository  : Adding property source: file:/var/folders/6m/0kg6fn8d27vcdfs3x8hvk5rc0000gp/T/config-repo-3268648970609575272/login-microservice.properties
2019-12-09 02:32:27.550  INFO [adventure-microservice,5191f8d838b600e9,5191f8d838b600e9,true] 88353 --- [nio-9094-exec-7] o.s.c.c.s.e.NativeEnvironmentRepository  : Adding property source: file:/var/folders/6m/0kg6fn8d27vcdfs3x8hvk5rc0000gp/T/config-repo-3268648970609575272/login-microservice.properties
2019-12-09 02:33:43.467  INFO [adventure-microservice,77bda2b1c66e0802,77bda2b1c66e0802,true] 88353 --- [nio-9094-exec-6] o.s.c.c.s.e.NativeEnvironmentRepository  : Adding property source: file:/var/folders/6m/0kg6fn8d27vcdfs3x8hvk5rc0000gp/T/config-repo-3268648970609575272/login-microservice.properties
2019-12-09 02:41:18.605  INFO [adventure-microservice,3bec8df3b2bd4ecc,3bec8df3b2bd4ecc,true] 88353 --- [nio-9094-exec-9] o.s.c.c.s.e.NativeEnvironmentRepository  : Adding property source: file:/var/folders/6m/0kg6fn8d27vcdfs3x8hvk5rc0000gp/T/config-repo-3268648970609575272/login-microservice.properties
2019-12-09 02:42:24.210  INFO [adventure-microservice,8d00ba415df42cba,8d00ba415df42cba,true] 88353 --- [io-9094-exec-10] o.s.c.c.s.e.NativeEnvironmentRepository  : Adding property source: file:/var/folders/6m/0kg6fn8d27vcdfs3x8hvk5rc0000gp/T/config-repo-3268648970609575272/login-microservice.properties
2019-12-09 02:43:24.041  INFO [adventure-microservice,235d46aa46285a38,235d46aa46285a38,true] 88353 --- [nio-9094-exec-2] o.s.c.c.s.e.NativeEnvironmentRepository  : Adding property source: file:/var/folders/6m/0kg6fn8d27vcdfs3x8hvk5rc0000gp/T/config-repo-3268648970609575272/login-microservice.properties
2019-12-09 02:45:10.710  INFO [adventure-microservice,c68a449808a4f8ac,c68a449808a4f8ac,true] 88353 --- [nio-9094-exec-7] o.s.c.c.s.e.NativeEnvironmentRepository  : Adding property source: file:/var/folders/6m/0kg6fn8d27vcdfs3x8hvk5rc0000gp/T/config-repo-3268648970609575272/login-microservice.properties
2019-12-09 02:46:02.783  INFO [adventure-microservice,944cbf24aed57ac0,944cbf24aed57ac0,true] 88353 --- [nio-9094-exec-6] o.s.c.c.s.e.NativeEnvironmentRepository  : Adding property source: file:/var/folders/6m/0kg6fn8d27vcdfs3x8hvk5rc0000gp/T/config-repo-3268648970609575272/login-microservice.properties
2019-12-09 02:51:31.952  INFO [adventure-microservice,77f5ebe1f515391d,77f5ebe1f515391d,true] 88353 --- [nio-9094-exec-9] o.s.c.c.s.e.NativeEnvironmentRepository  : Adding property source: file:/var/folders/6m/0kg6fn8d27vcdfs3x8hvk5rc0000gp/T/config-repo-3268648970609575272/login-microservice.properties
2019-12-09 02:53:28.016  INFO [adventure-microservice,9d78fc312075c16a,9d78fc312075c16a,true] 88353 --- [io-9094-exec-10] o.s.c.c.s.e.NativeEnvironmentRepository  : Adding property source: file:/var/folders/6m/0kg6fn8d27vcdfs3x8hvk5rc0000gp/T/config-repo-3268648970609575272/login-microservice.properties
2019-12-09 02:59:39.211  INFO [adventure-microservice,3376a59ab5ef1583,3376a59ab5ef1583,true] 88353 --- [nio-9094-exec-2] o.s.c.c.s.e.NativeEnvironmentRepository  : Adding property source: file:/var/folders/6m/0kg6fn8d27vcdfs3x8hvk5rc0000gp/T/config-repo-3268648970609575272/login-microservice.properties
2019-12-09 03:02:46.061  INFO [adventure-microservice,91ad0f07bb0a6d4d,91ad0f07bb0a6d4d,true] 88353 --- [nio-9094-exec-7] o.s.c.c.s.e.NativeEnvironmentRepository  : Adding property source: file:/var/folders/6m/0kg6fn8d27vcdfs3x8hvk5rc0000gp/T/config-repo-3268648970609575272/login-microservice.properties
2019-12-09 03:03:26.594  INFO [adventure-microservice,48f529a734681017,48f529a734681017,true] 88353 --- [nio-9094-exec-6] o.s.c.c.s.e.NativeEnvironmentRepository  : Adding property source: file:/var/folders/6m/0kg6fn8d27vcdfs3x8hvk5rc0000gp/T/config-repo-3268648970609575272/login-microservice.properties
2019-12-09 03:08:04.301  INFO [adventure-microservice,78ef83ecf43b769c,78ef83ecf43b769c,true] 88353 --- [nio-9094-exec-9] o.s.c.c.s.e.NativeEnvironmentRepository  : Adding property source: file:/var/folders/6m/0kg6fn8d27vcdfs3x8hvk5rc0000gp/T/config-repo-3268648970609575272/login-microservice.properties
2019-12-09 03:10:52.486  INFO [adventure-microservice,42d15f0af3a7bf99,42d15f0af3a7bf99,true] 88353 --- [io-9094-exec-10] o.s.c.c.s.e.NativeEnvironmentRepository  : Adding property source: file:/var/folders/6m/0kg6fn8d27vcdfs3x8hvk5rc0000gp/T/config-repo-3268648970609575272/login-microservice.properties
2019-12-09 03:15:20.002  INFO [adventure-microservice,288e851c46963574,288e851c46963574,true] 88353 --- [nio-9094-exec-2] o.s.c.c.s.e.NativeEnvironmentRepository  : Adding property source: file:/var/folders/6m/0kg6fn8d27vcdfs3x8hvk5rc0000gp/T/config-repo-3268648970609575272/login-microservice.properties
2019-12-09 19:18:05.073  INFO [adventure-microservice,3ea21155e7f9e176,3ea21155e7f9e176,true] 88353 --- [nio-9094-exec-7] o.s.c.c.s.e.NativeEnvironmentRepository  : Adding property source: file:/var/folders/6m/0kg6fn8d27vcdfs3x8hvk5rc0000gp/T/config-repo-3268648970609575272/login-microservice.properties
2019-12-09 19:35:07.399  INFO [adventure-microservice,09f95242061f5732,09f95242061f5732,true] 88353 --- [nio-9094-exec-6] o.s.c.c.s.e.NativeEnvironmentRepository  : Adding property source: file:/var/folders/6m/0kg6fn8d27vcdfs3x8hvk5rc0000gp/T/config-repo-3268648970609575272/login-microservice.properties
2019-12-09 19:42:17.970  INFO [adventure-microservice,d6094ce6bf6075f5,d6094ce6bf6075f5,true] 88353 --- [nio-9094-exec-9] o.s.c.c.s.e.NativeEnvironmentRepository  : Adding property source: file:/var/folders/6m/0kg6fn8d27vcdfs3x8hvk5rc0000gp/T/config-repo-3268648970609575272/client-microservice.properties
2019-12-09 19:43:06.323  INFO [adventure-microservice,fdfc60705b02e1c5,fdfc60705b02e1c5,true] 88353 --- [io-9094-exec-10] o.s.c.c.s.e.NativeEnvironmentRepository  : Adding property source: file:/var/folders/6m/0kg6fn8d27vcdfs3x8hvk5rc0000gp/T/config-repo-3268648970609575272/client-microservice.properties
2019-12-09 19:46:32.680  INFO [adventure-microservice,c66a3aa15c4412a2,c66a3aa15c4412a2,true] 88353 --- [nio-9094-exec-2] o.s.c.c.s.e.NativeEnvironmentRepository  : Adding property source: file:/var/folders/6m/0kg6fn8d27vcdfs3x8hvk5rc0000gp/T/config-repo-3268648970609575272/client-microservice.properties
2019-12-09 19:48:56.501  INFO [adventure-microservice,28cfeba684639270,28cfeba684639270,true] 88353 --- [nio-9094-exec-7] o.s.c.c.s.e.NativeEnvironmentRepository  : Adding property source: file:/var/folders/6m/0kg6fn8d27vcdfs3x8hvk5rc0000gp/T/config-repo-3268648970609575272/client-microservice.properties
2019-12-09 19:51:28.901  INFO [adventure-microservice,f88a9f3c86dce29b,f88a9f3c86dce29b,true] 88353 --- [nio-9094-exec-6] o.s.c.c.s.e.NativeEnvironmentRepository  : Adding property source: file:/var/folders/6m/0kg6fn8d27vcdfs3x8hvk5rc0000gp/T/config-repo-3268648970609575272/clientui-microservice.properties
2019-12-09 19:54:28.096  INFO [adventure-microservice,9565346082bfdd7c,9565346082bfdd7c,true] 88353 --- [nio-9094-exec-9] o.s.c.c.s.e.NativeEnvironmentRepository  : Adding property source: file:/var/folders/6m/0kg6fn8d27vcdfs3x8hvk5rc0000gp/T/config-repo-3268648970609575272/login-microservice.properties
2019-12-09 19:55:43.886  INFO [adventure-microservice,58c52debe79e9f8e,58c52debe79e9f8e,true] 88353 --- [io-9094-exec-10] o.s.c.c.s.e.NativeEnvironmentRepository  : Adding property source: file:/var/folders/6m/0kg6fn8d27vcdfs3x8hvk5rc0000gp/T/config-repo-3268648970609575272/login-microservice.properties
2019-12-09 20:00:06.433  INFO [adventure-microservice,3cfb2b20ba6947c3,3cfb2b20ba6947c3,true] 88353 --- [nio-9094-exec-2] o.s.c.c.s.e.NativeEnvironmentRepository  : Adding property source: file:/var/folders/6m/0kg6fn8d27vcdfs3x8hvk5rc0000gp/T/config-repo-3268648970609575272/clientui-microservice.properties
2019-12-09 20:01:02.023  INFO [adventure-microservice,4e1f376bcc8cefbf,4e1f376bcc8cefbf,true] 88353 --- [nio-9094-exec-7] o.s.c.c.s.e.NativeEnvironmentRepository  : Adding property source: file:/var/folders/6m/0kg6fn8d27vcdfs3x8hvk5rc0000gp/T/config-repo-3268648970609575272/clientui-microservice.properties
2019-12-09 20:02:39.771  INFO [adventure-microservice,53b33c4156bbb94e,53b33c4156bbb94e,true] 88353 --- [nio-9094-exec-6] o.s.c.c.s.e.NativeEnvironmentRepository  : Adding property source: file:/var/folders/6m/0kg6fn8d27vcdfs3x8hvk5rc0000gp/T/config-repo-3268648970609575272/clientui-microservice.properties
2019-12-09 20:02:59.349  WARN [adventure-microservice,8e7b50ccf199b745,8e7b50ccf199b745,true] 88353 --- [nio-9094-exec-9] .c.s.e.MultipleJGitEnvironmentRepository : Could not fetch remote for master remote: https://github.com/walterwhites/config-microservice-trip.git
2019-12-09 20:02:59.429  INFO [adventure-microservice,8e7b50ccf199b745,8e7b50ccf199b745,true] 88353 --- [nio-9094-exec-9] o.s.c.c.s.e.NativeEnvironmentRepository  : Adding property source: file:/var/folders/6m/0kg6fn8d27vcdfs3x8hvk5rc0000gp/T/config-repo-3268648970609575272/clientui-microservice.properties
2019-12-09 20:04:47.395  INFO [adventure-microservice,9dd73f369a72ae65,9dd73f369a72ae65,true] 88353 --- [io-9094-exec-10] o.s.c.c.s.e.NativeEnvironmentRepository  : Adding property source: file:/var/folders/6m/0kg6fn8d27vcdfs3x8hvk5rc0000gp/T/config-repo-3268648970609575272/clientui-microservice.properties
2019-12-09 20:07:19.460  INFO [adventure-microservice,b6c2f01a2d874686,b6c2f01a2d874686,true] 88353 --- [nio-9094-exec-2] o.s.c.c.s.e.NativeEnvironmentRepository  : Adding property source: file:/var/folders/6m/0kg6fn8d27vcdfs3x8hvk5rc0000gp/T/config-repo-3268648970609575272/clientui-microservice.properties
2019-12-09 20:09:28.916  INFO [adventure-microservice,49551c6fd80f3adb,49551c6fd80f3adb,true] 88353 --- [nio-9094-exec-7] o.s.c.c.s.e.NativeEnvironmentRepository  : Adding property source: file:/var/folders/6m/0kg6fn8d27vcdfs3x8hvk5rc0000gp/T/config-repo-3268648970609575272/clientui-microservice.properties
2019-12-09 20:11:10.792  INFO [adventure-microservice,3712bdc6fbe9e0b4,3712bdc6fbe9e0b4,true] 88353 --- [nio-9094-exec-6] o.s.c.c.s.e.NativeEnvironmentRepository  : Adding property source: file:/var/folders/6m/0kg6fn8d27vcdfs3x8hvk5rc0000gp/T/config-repo-3268648970609575272/clientui-microservice.properties
2019-12-09 20:12:38.227  INFO [adventure-microservice,24a34f00f5e27e5e,24a34f00f5e27e5e,true] 88353 --- [nio-9094-exec-9] o.s.c.c.s.e.NativeEnvironmentRepository  : Adding property source: file:/var/folders/6m/0kg6fn8d27vcdfs3x8hvk5rc0000gp/T/config-repo-3268648970609575272/clientui-microservice.properties
2019-12-09 20:13:32.763  INFO [adventure-microservice,ac36bf3ba25c0194,ac36bf3ba25c0194,true] 88353 --- [io-9094-exec-10] o.s.c.c.s.e.NativeEnvironmentRepository  : Adding property source: file:/var/folders/6m/0kg6fn8d27vcdfs3x8hvk5rc0000gp/T/config-repo-3268648970609575272/clientui-microservice.properties
2019-12-09 20:15:16.721  INFO [adventure-microservice,c975d3854e1ed05c,c975d3854e1ed05c,true] 88353 --- [nio-9094-exec-2] o.s.c.c.s.e.NativeEnvironmentRepository  : Adding property source: file:/var/folders/6m/0kg6fn8d27vcdfs3x8hvk5rc0000gp/T/config-repo-3268648970609575272/clientui-microservice.properties
2019-12-09 20:18:18.841  INFO [adventure-microservice,9978cfd51ad1a21d,9978cfd51ad1a21d,true] 88353 --- [nio-9094-exec-7] o.s.c.c.s.e.NativeEnvironmentRepository  : Adding property source: file:/var/folders/6m/0kg6fn8d27vcdfs3x8hvk5rc0000gp/T/config-repo-3268648970609575272/clientui-microservice.properties
2019-12-09 20:19:02.883  INFO [adventure-microservice,eb8a06c85dfc65e2,eb8a06c85dfc65e2,true] 88353 --- [nio-9094-exec-6] o.s.c.c.s.e.NativeEnvironmentRepository  : Adding property source: file:/var/folders/6m/0kg6fn8d27vcdfs3x8hvk5rc0000gp/T/config-repo-3268648970609575272/clientui-microservice.properties
2019-12-09 20:19:34.102  INFO [adventure-microservice,a3d6d1de11c0cfbd,a3d6d1de11c0cfbd,true] 88353 --- [nio-9094-exec-5] o.s.c.c.s.e.NativeEnvironmentRepository  : Adding property source: file:/var/folders/6m/0kg6fn8d27vcdfs3x8hvk5rc0000gp/T/config-repo-3268648970609575272/clientui-microservice.properties
2019-12-09 20:22:46.653  INFO [adventure-microservice,251076d38f74c837,251076d38f74c837,true] 88353 --- [nio-9094-exec-9] o.s.c.c.s.e.NativeEnvironmentRepository  : Adding property source: file:/var/folders/6m/0kg6fn8d27vcdfs3x8hvk5rc0000gp/T/config-repo-3268648970609575272/zuul-server-microservice.properties
2019-12-09 20:28:16.531  INFO [adventure-microservice,add3087962348bce,add3087962348bce,true] 88353 --- [io-9094-exec-10] o.s.c.c.s.e.NativeEnvironmentRepository  : Adding property source: file:/var/folders/6m/0kg6fn8d27vcdfs3x8hvk5rc0000gp/T/config-repo-3268648970609575272/zuul-server-microservice.properties
2019-12-09 21:38:49.081  INFO [adventure-microservice,487efdb38236c5d4,487efdb38236c5d4,true] 88353 --- [nio-9094-exec-2] o.s.c.c.s.e.NativeEnvironmentRepository  : Adding property source: file:/var/folders/6m/0kg6fn8d27vcdfs3x8hvk5rc0000gp/T/config-repo-3268648970609575272/client-microservice.properties
2019-12-09 21:45:26.349  INFO [adventure-microservice,2814c27b32ad0992,2814c27b32ad0992,true] 88353 --- [nio-9094-exec-8] o.s.c.c.s.e.NativeEnvironmentRepository  : Adding property source: file:/var/folders/6m/0kg6fn8d27vcdfs3x8hvk5rc0000gp/T/config-repo-3268648970609575272/client-microservice.properties
2019-12-09 21:45:29.291  INFO [adventure-microservice,f703a04fb1979bb1,f703a04fb1979bb1,true] 88353 --- [nio-9094-exec-7] o.s.c.c.s.e.NativeEnvironmentRepository  : Adding property source: file:/var/folders/6m/0kg6fn8d27vcdfs3x8hvk5rc0000gp/T/config-repo-3268648970609575272/zuul-server-microservice.properties
2019-12-09 21:45:32.896  INFO [adventure-microservice,e53d7bc3b1a44005,e53d7bc3b1a44005,true] 88353 --- [nio-9094-exec-6] o.s.c.c.s.e.NativeEnvironmentRepository  : Adding property source: file:/var/folders/6m/0kg6fn8d27vcdfs3x8hvk5rc0000gp/T/config-repo-3268648970609575272/client-microservice.properties
2019-12-09 21:46:14.443  INFO [adventure-microservice,3c009ef32c92bcd5,3c009ef32c92bcd5,true] 88353 --- [nio-9094-exec-4] o.s.c.c.s.e.NativeEnvironmentRepository  : Adding property source: file:/var/folders/6m/0kg6fn8d27vcdfs3x8hvk5rc0000gp/T/config-repo-3268648970609575272/client-microservice.properties
2019-12-09 21:50:03.517  INFO [adventure-microservice,92125bb5f690cf34,92125bb5f690cf34,true] 88353 --- [nio-9094-exec-1] o.s.c.c.s.e.NativeEnvironmentRepository  : Adding property source: file:/var/folders/6m/0kg6fn8d27vcdfs3x8hvk5rc0000gp/T/config-repo-3268648970609575272/zuul-server-microservice.properties
2019-12-09 21:59:25.317  INFO [adventure-microservice,50d9ec8b2398de9f,50d9ec8b2398de9f,true] 88353 --- [nio-9094-exec-8] o.s.c.c.s.e.NativeEnvironmentRepository  : Adding property source: file:/var/folders/6m/0kg6fn8d27vcdfs3x8hvk5rc0000gp/T/config-repo-3268648970609575272/login-microservice.properties
2019-12-09 22:00:30.798  INFO [adventure-microservice,5ee130fbb5be2e5a,5ee130fbb5be2e5a,true] 88353 --- [nio-9094-exec-3] o.s.c.c.s.e.NativeEnvironmentRepository  : Adding property source: file:/var/folders/6m/0kg6fn8d27vcdfs3x8hvk5rc0000gp/T/config-repo-3268648970609575272/login-microservice.properties
2019-12-09 22:02:57.896  INFO [adventure-microservice,1a3888a90a539cd9,1a3888a90a539cd9,true] 88353 --- [nio-9094-exec-5] o.s.c.c.s.e.NativeEnvironmentRepository  : Adding property source: file:/var/folders/6m/0kg6fn8d27vcdfs3x8hvk5rc0000gp/T/config-repo-3268648970609575272/login-microservice.properties
2019-12-09 22:04:37.525  INFO [adventure-microservice,a592a420541475e4,a592a420541475e4,true] 88353 --- [nio-9094-exec-4] o.s.c.c.s.e.NativeEnvironmentRepository  : Adding property source: file:/var/folders/6m/0kg6fn8d27vcdfs3x8hvk5rc0000gp/T/config-repo-3268648970609575272/login-microservice.properties
2019-12-09 22:07:00.332  INFO [adventure-microservice,f304087c70f0535b,f304087c70f0535b,true] 88353 --- [nio-9094-exec-1] o.s.c.c.s.e.NativeEnvironmentRepository  : Adding property source: file:/var/folders/6m/0kg6fn8d27vcdfs3x8hvk5rc0000gp/T/config-repo-3268648970609575272/login-microservice.properties
2019-12-09 22:12:22.571  INFO [adventure-microservice,e3830a3438ccc2b9,e3830a3438ccc2b9,true] 88353 --- [nio-9094-exec-8] o.s.c.c.s.e.NativeEnvironmentRepository  : Adding property source: file:/var/folders/6m/0kg6fn8d27vcdfs3x8hvk5rc0000gp/T/config-repo-3268648970609575272/zuul-server-microservice.properties
2019-12-09 22:14:15.288  INFO [adventure-microservice,fc230a1db127e3fe,fc230a1db127e3fe,true] 88353 --- [nio-9094-exec-3] o.s.c.c.s.e.NativeEnvironmentRepository  : Adding property source: file:/var/folders/6m/0kg6fn8d27vcdfs3x8hvk5rc0000gp/T/config-repo-3268648970609575272/login-microservice.properties
2019-12-09 22:19:03.959  INFO [adventure-microservice,49e154ad854029cd,49e154ad854029cd,true] 88353 --- [nio-9094-exec-5] o.s.c.c.s.e.NativeEnvironmentRepository  : Adding property source: file:/var/folders/6m/0kg6fn8d27vcdfs3x8hvk5rc0000gp/T/config-repo-3268648970609575272/login-microservice.properties
2019-12-09 22:20:31.924  INFO [adventure-microservice,5a5a45ffbc51cf87,5a5a45ffbc51cf87,true] 88353 --- [nio-9094-exec-4] o.s.c.c.s.e.NativeEnvironmentRepository  : Adding property source: file:/var/folders/6m/0kg6fn8d27vcdfs3x8hvk5rc0000gp/T/config-repo-3268648970609575272/zuul-server-microservice.properties
2019-12-09 22:28:57.571  INFO [adventure-microservice,ed57a400a7c5b06a,ed57a400a7c5b06a,true] 88353 --- [nio-9094-exec-1] o.s.c.c.s.e.NativeEnvironmentRepository  : Adding property source: file:/var/folders/6m/0kg6fn8d27vcdfs3x8hvk5rc0000gp/T/config-repo-3268648970609575272/zuul-server-microservice.properties
2019-12-09 22:56:42.650  INFO [adventure-microservice,2cdaad57651fb5dd,2cdaad57651fb5dd,true] 88353 --- [nio-9094-exec-8] o.s.c.c.s.e.NativeEnvironmentRepository  : Adding property source: file:/var/folders/6m/0kg6fn8d27vcdfs3x8hvk5rc0000gp/T/config-repo-3268648970609575272/zuul-server-microservice.properties
2019-12-09 22:57:53.969  INFO [adventure-microservice,798f718c57b566dd,798f718c57b566dd,true] 88353 --- [nio-9094-exec-3] o.s.c.c.s.e.NativeEnvironmentRepository  : Adding property source: file:/var/folders/6m/0kg6fn8d27vcdfs3x8hvk5rc0000gp/T/config-repo-3268648970609575272/zuul-server-microservice.properties
2019-12-09 22:59:10.957  INFO [adventure-microservice,cc1c704171510658,cc1c704171510658,true] 88353 --- [nio-9094-exec-5] o.s.c.c.s.e.NativeEnvironmentRepository  : Adding property source: file:/var/folders/6m/0kg6fn8d27vcdfs3x8hvk5rc0000gp/T/config-repo-3268648970609575272/zuul-server-microservice.properties
2019-12-09 23:07:42.195  INFO [adventure-microservice,2150c123389176a5,2150c123389176a5,true] 88353 --- [nio-9094-exec-4] o.s.c.c.s.e.NativeEnvironmentRepository  : Adding property source: file:/var/folders/6m/0kg6fn8d27vcdfs3x8hvk5rc0000gp/T/config-repo-3268648970609575272/zuul-server-microservice.properties
2019-12-09 23:11:22.888  INFO [adventure-microservice,508a6e44a3bf59d3,508a6e44a3bf59d3,true] 88353 --- [nio-9094-exec-1] o.s.c.c.s.e.NativeEnvironmentRepository  : Adding property source: file:/var/folders/6m/0kg6fn8d27vcdfs3x8hvk5rc0000gp/T/config-repo-3268648970609575272/zuul-server-microservice.properties
2019-12-09 23:12:07.759  INFO [adventure-microservice,4af296cc39bff3d0,4af296cc39bff3d0,true] 88353 --- [nio-9094-exec-8] o.s.c.c.s.e.NativeEnvironmentRepository  : Adding property source: file:/var/folders/6m/0kg6fn8d27vcdfs3x8hvk5rc0000gp/T/config-repo-3268648970609575272/login-microservice.properties
2019-12-09 23:15:06.108  INFO [adventure-microservice,ea9cc400548893ba,ea9cc400548893ba,true] 88353 --- [nio-9094-exec-3] o.s.c.c.s.e.NativeEnvironmentRepository  : Adding property source: file:/var/folders/6m/0kg6fn8d27vcdfs3x8hvk5rc0000gp/T/config-repo-3268648970609575272/login-microservice.properties
2019-12-09 23:24:40.605  INFO [adventure-microservice,aee82409c0698559,aee82409c0698559,true] 88353 --- [nio-9094-exec-5] o.s.c.c.s.e.NativeEnvironmentRepository  : Adding property source: file:/var/folders/6m/0kg6fn8d27vcdfs3x8hvk5rc0000gp/T/config-repo-3268648970609575272/zuul-server-microservice.properties
2019-12-09 23:29:21.209  INFO [adventure-microservice,04d8d4622a154aff,04d8d4622a154aff,true] 88353 --- [nio-9094-exec-4] o.s.c.c.s.e.NativeEnvironmentRepository  : Adding property source: file:/var/folders/6m/0kg6fn8d27vcdfs3x8hvk5rc0000gp/T/config-repo-3268648970609575272/zuul-server-microservice.properties
2019-12-09 23:42:07.807  INFO [adventure-microservice,73c9fc511f007ca9,73c9fc511f007ca9,true] 88353 --- [nio-9094-exec-1] o.s.c.c.s.e.NativeEnvironmentRepository  : Adding property source: file:/var/folders/6m/0kg6fn8d27vcdfs3x8hvk5rc0000gp/T/config-repo-3268648970609575272/zuul-server-microservice.properties
2019-12-09 23:45:30.097  INFO [adventure-microservice,5f8084438f6112d9,5f8084438f6112d9,true] 88353 --- [nio-9094-exec-8] o.s.c.c.s.e.NativeEnvironmentRepository  : Adding property source: file:/var/folders/6m/0kg6fn8d27vcdfs3x8hvk5rc0000gp/T/config-repo-3268648970609575272/zuul-server-microservice.properties
2019-12-10 00:00:36.329  INFO [adventure-microservice,b65e549dd354ffa8,b65e549dd354ffa8,true] 88353 --- [nio-9094-exec-3] o.s.c.c.s.e.NativeEnvironmentRepository  : Adding property source: file:/var/folders/6m/0kg6fn8d27vcdfs3x8hvk5rc0000gp/T/config-repo-3268648970609575272/zuul-server-microservice.properties
2019-12-10 00:02:10.923  INFO [adventure-microservice,2633b3da4af08068,2633b3da4af08068,true] 88353 --- [nio-9094-exec-5] o.s.c.c.s.e.NativeEnvironmentRepository  : Adding property source: file:/var/folders/6m/0kg6fn8d27vcdfs3x8hvk5rc0000gp/T/config-repo-3268648970609575272/zuul-server-microservice.properties
2019-12-10 00:04:42.594  INFO [adventure-microservice,5790c532c2e763c6,5790c532c2e763c6,true] 88353 --- [nio-9094-exec-4] o.s.c.c.s.e.NativeEnvironmentRepository  : Adding property source: file:/var/folders/6m/0kg6fn8d27vcdfs3x8hvk5rc0000gp/T/config-repo-3268648970609575272/login-microservice.properties
2019-12-10 00:08:36.604  INFO [adventure-microservice,79e1db78bde92a85,79e1db78bde92a85,true] 88353 --- [nio-9094-exec-1] o.s.c.c.s.e.NativeEnvironmentRepository  : Adding property source: file:/var/folders/6m/0kg6fn8d27vcdfs3x8hvk5rc0000gp/T/config-repo-3268648970609575272/login-microservice.properties
2019-12-10 00:09:51.234  INFO [adventure-microservice,8c63e03ebd8ad169,8c63e03ebd8ad169,true] 88353 --- [nio-9094-exec-8] o.s.c.c.s.e.NativeEnvironmentRepository  : Adding property source: file:/var/folders/6m/0kg6fn8d27vcdfs3x8hvk5rc0000gp/T/config-repo-3268648970609575272/login-microservice.properties
2019-12-10 00:11:35.874  INFO [adventure-microservice,556068082e60e03b,556068082e60e03b,true] 88353 --- [nio-9094-exec-3] o.s.c.c.s.e.NativeEnvironmentRepository  : Adding property source: file:/var/folders/6m/0kg6fn8d27vcdfs3x8hvk5rc0000gp/T/config-repo-3268648970609575272/login-microservice.properties
2019-12-10 00:17:06.636  INFO [adventure-microservice,933928943fccba2c,933928943fccba2c,true] 88353 --- [nio-9094-exec-5] o.s.c.c.s.e.NativeEnvironmentRepository  : Adding property source: file:/var/folders/6m/0kg6fn8d27vcdfs3x8hvk5rc0000gp/T/config-repo-3268648970609575272/adventure-microservice.properties
2019-12-10 00:42:34.911  INFO [adventure-microservice,fd66cec8b9b31c9f,fd66cec8b9b31c9f,true] 88353 --- [nio-9094-exec-4] o.s.c.c.s.e.NativeEnvironmentRepository  : Adding property source: file:/var/folders/6m/0kg6fn8d27vcdfs3x8hvk5rc0000gp/T/config-repo-3268648970609575272/zuul-server-microservice.properties
2019-12-10 00:46:42.801  INFO [adventure-microservice,d0e5fc1ee37752f2,d0e5fc1ee37752f2,true] 88353 --- [nio-9094-exec-1] o.s.c.c.s.e.NativeEnvironmentRepository  : Adding property source: file:/var/folders/6m/0kg6fn8d27vcdfs3x8hvk5rc0000gp/T/config-repo-3268648970609575272/zuul-server-microservice.properties
2019-12-10 00:50:32.091  INFO [adventure-microservice,b58a2530ed363a1f,b58a2530ed363a1f,true] 88353 --- [nio-9094-exec-8] o.s.c.c.s.e.NativeEnvironmentRepository  : Adding property source: file:/var/folders/6m/0kg6fn8d27vcdfs3x8hvk5rc0000gp/T/config-repo-3268648970609575272/zuul-server-microservice.properties
2019-12-10 01:01:17.002  INFO [adventure-microservice,d56fe50e3027accc,d56fe50e3027accc,true] 88353 --- [nio-9094-exec-3] o.s.c.c.s.e.NativeEnvironmentRepository  : Adding property source: file:/var/folders/6m/0kg6fn8d27vcdfs3x8hvk5rc0000gp/T/config-repo-3268648970609575272/zuul-server-microservice.properties
2019-12-10 01:02:29.292  INFO [adventure-microservice,68d25a0f6820e0ad,68d25a0f6820e0ad,true] 88353 --- [nio-9094-exec-5] o.s.c.c.s.e.NativeEnvironmentRepository  : Adding property source: file:/var/folders/6m/0kg6fn8d27vcdfs3x8hvk5rc0000gp/T/config-repo-3268648970609575272/zuul-server-microservice.properties
2019-12-10 01:11:58.969  INFO [adventure-microservice,1f4edecf04d7e708,1f4edecf04d7e708,true] 88353 --- [nio-9094-exec-4] o.s.c.c.s.e.NativeEnvironmentRepository  : Adding property source: file:/var/folders/6m/0kg6fn8d27vcdfs3x8hvk5rc0000gp/T/config-repo-3268648970609575272/zuul-server-microservice.properties
2019-12-10 01:27:20.450  INFO [adventure-microservice,441e10ed9476f2a2,441e10ed9476f2a2,true] 88353 --- [nio-9094-exec-1] o.s.c.c.s.e.NativeEnvironmentRepository  : Adding property source: file:/var/folders/6m/0kg6fn8d27vcdfs3x8hvk5rc0000gp/T/config-repo-3268648970609575272/zuul-server-microservice.properties
2019-12-10 01:28:36.845  INFO [adventure-microservice,c9a47b34e819d81f,c9a47b34e819d81f,true] 88353 --- [nio-9094-exec-8] o.s.c.c.s.e.NativeEnvironmentRepository  : Adding property source: file:/var/folders/6m/0kg6fn8d27vcdfs3x8hvk5rc0000gp/T/config-repo-3268648970609575272/zuul-server-microservice.properties
2019-12-10 01:29:43.109  INFO [adventure-microservice,37b3511f0c5ca079,37b3511f0c5ca079,true] 88353 --- [nio-9094-exec-3] o.s.c.c.s.e.NativeEnvironmentRepository  : Adding property source: file:/var/folders/6m/0kg6fn8d27vcdfs3x8hvk5rc0000gp/T/config-repo-3268648970609575272/zuul-server-microservice.properties
2019-12-10 01:30:57.961  INFO [adventure-microservice,d0d6409ad592f01c,d0d6409ad592f01c,true] 88353 --- [nio-9094-exec-5] o.s.c.c.s.e.NativeEnvironmentRepository  : Adding property source: file:/var/folders/6m/0kg6fn8d27vcdfs3x8hvk5rc0000gp/T/config-repo-3268648970609575272/zuul-server-microservice.properties
2019-12-10 10:07:44.664  INFO [adventure-microservice,29251aa9a11b8f3d,29251aa9a11b8f3d,true] 88353 --- [nio-9094-exec-4] o.s.c.c.s.e.NativeEnvironmentRepository  : Adding property source: file:/var/folders/6m/0kg6fn8d27vcdfs3x8hvk5rc0000gp/T/config-repo-3268648970609575272/client-microservice.properties
2019-12-10 10:08:11.217  INFO [adventure-microservice,b1eb206c003fc26a,b1eb206c003fc26a,true] 88353 --- [io-9094-exec-10] o.s.c.c.s.e.NativeEnvironmentRepository  : Adding property source: file:/var/folders/6m/0kg6fn8d27vcdfs3x8hvk5rc0000gp/T/config-repo-3268648970609575272/client-microservice.properties
2019-12-10 10:09:03.515  INFO [adventure-microservice,0980787460ece013,0980787460ece013,true] 88353 --- [nio-9094-exec-2] o.s.c.c.s.e.NativeEnvironmentRepository  : Adding property source: file:/var/folders/6m/0kg6fn8d27vcdfs3x8hvk5rc0000gp/T/config-repo-3268648970609575272/client-microservice.properties
2019-12-10 10:09:12.924  INFO [adventure-microservice,abf27646776bb9e7,abf27646776bb9e7,true] 88353 --- [nio-9094-exec-8] o.s.c.c.s.e.NativeEnvironmentRepository  : Adding property source: file:/var/folders/6m/0kg6fn8d27vcdfs3x8hvk5rc0000gp/T/config-repo-3268648970609575272/client-microservice.properties
2019-12-10 10:14:08.002  INFO [adventure-microservice,2d86b46ff3621726,2d86b46ff3621726,true] 88353 --- [nio-9094-exec-3] o.s.c.c.s.e.NativeEnvironmentRepository  : Adding property source: file:/var/folders/6m/0kg6fn8d27vcdfs3x8hvk5rc0000gp/T/config-repo-3268648970609575272/client-microservice.properties
2019-12-10 10:16:47.703  INFO [adventure-microservice,e6ac0eee0280c3a2,e6ac0eee0280c3a2,true] 88353 --- [nio-9094-exec-5] o.s.c.c.s.e.NativeEnvironmentRepository  : Adding property source: file:/var/folders/6m/0kg6fn8d27vcdfs3x8hvk5rc0000gp/T/config-repo-3268648970609575272/zuul-server-microservice.properties
2019-12-10 10:18:57.102  INFO [adventure-microservice,8ea28a8a2b56b256,8ea28a8a2b56b256,true] 88353 --- [nio-9094-exec-4] o.s.c.c.s.e.NativeEnvironmentRepository  : Adding property source: file:/var/folders/6m/0kg6fn8d27vcdfs3x8hvk5rc0000gp/T/config-repo-3268648970609575272/zuul-server-microservice.properties
2019-12-10 10:19:51.723  INFO [adventure-microservice,49aadabb9769dfc0,49aadabb9769dfc0,true] 88353 --- [nio-9094-exec-1] o.s.c.c.s.e.NativeEnvironmentRepository  : Adding property source: file:/var/folders/6m/0kg6fn8d27vcdfs3x8hvk5rc0000gp/T/config-repo-3268648970609575272/zuul-server-microservice.properties
2019-12-10 10:21:21.726  INFO [adventure-microservice,7c756655c788d275,7c756655c788d275,true] 88353 --- [nio-9094-exec-8] o.s.c.c.s.e.NativeEnvironmentRepository  : Adding property source: file:/var/folders/6m/0kg6fn8d27vcdfs3x8hvk5rc0000gp/T/config-repo-3268648970609575272/zuul-server-microservice.properties
